[debug] [2025-12-02T14:01:14.698Z] ----------------------------------------------------------------------
[debug] [2025-12-02T14:01:14.701Z] Command:       /home/mahylan/.nvm/versions/node/v21.7.3/bin/node /home/mahylan/.nvm/versions/node/v21.7.3/bin/firebase deploy --only functions:onCandidatureCreated
[debug] [2025-12-02T14:01:14.701Z] CLI Version:   14.26.0
[debug] [2025-12-02T14:01:14.702Z] Platform:      linux
[debug] [2025-12-02T14:01:14.702Z] Node Version:  v21.7.3
[debug] [2025-12-02T14:01:14.702Z] Time:          Tue Dec 02 2025 15:01:14 GMT+0100 (heure normale d’Europe centrale)
[debug] [2025-12-02T14:01:14.702Z] ----------------------------------------------------------------------
[debug] 
[debug] [2025-12-02T14:01:14.993Z] > command requires scopes: ["email","openid","https://www.googleapis.com/auth/cloudplatformprojects.readonly","https://www.googleapis.com/auth/firebase","https://www.googleapis.com/auth/cloud-platform"]
[debug] [2025-12-02T14:01:14.994Z] > authorizing via signed-in user (mahylan.veclin@gmail.com)
[debug] [2025-12-02T14:01:14.994Z] [iam] checking project hoopsphere-df315 for permissions ["cloudfunctions.functions.create","cloudfunctions.functions.delete","cloudfunctions.functions.get","cloudfunctions.functions.list","cloudfunctions.functions.update","cloudfunctions.operations.get","firebase.projects.get"]
[debug] [2025-12-02T14:01:14.995Z] Checked if tokens are valid: true, expires at: 1764686266755
[debug] [2025-12-02T14:01:14.996Z] Checked if tokens are valid: true, expires at: 1764686266755
[debug] [2025-12-02T14:01:14.997Z] >>> [apiv2][query] POST https://cloudresourcemanager.googleapis.com/v1/projects/hoopsphere-df315:testIamPermissions [none]
[debug] [2025-12-02T14:01:14.997Z] >>> [apiv2][(partial)header] POST https://cloudresourcemanager.googleapis.com/v1/projects/hoopsphere-df315:testIamPermissions x-goog-quota-user=projects/hoopsphere-df315
[debug] [2025-12-02T14:01:14.997Z] >>> [apiv2][body] POST https://cloudresourcemanager.googleapis.com/v1/projects/hoopsphere-df315:testIamPermissions {"permissions":["cloudfunctions.functions.create","cloudfunctions.functions.delete","cloudfunctions.functions.get","cloudfunctions.functions.list","cloudfunctions.functions.update","cloudfunctions.operations.get","firebase.projects.get"]}
[debug] [2025-12-02T14:01:15.751Z] <<< [apiv2][status] POST https://cloudresourcemanager.googleapis.com/v1/projects/hoopsphere-df315:testIamPermissions 200
[debug] [2025-12-02T14:01:15.751Z] <<< [apiv2][body] POST https://cloudresourcemanager.googleapis.com/v1/projects/hoopsphere-df315:testIamPermissions {"permissions":["cloudfunctions.functions.create","cloudfunctions.functions.delete","cloudfunctions.functions.get","cloudfunctions.functions.list","cloudfunctions.functions.update","cloudfunctions.operations.get","firebase.projects.get"]}
[debug] [2025-12-02T14:01:15.752Z] Checked if tokens are valid: true, expires at: 1764686266755
[debug] [2025-12-02T14:01:15.752Z] Checked if tokens are valid: true, expires at: 1764686266755
[debug] [2025-12-02T14:01:15.752Z] >>> [apiv2][query] POST https://iam.googleapis.com/v1/projects/hoopsphere-df315/serviceAccounts/hoopsphere-df315@appspot.gserviceaccount.com:testIamPermissions [none]
[debug] [2025-12-02T14:01:15.752Z] >>> [apiv2][body] POST https://iam.googleapis.com/v1/projects/hoopsphere-df315/serviceAccounts/hoopsphere-df315@appspot.gserviceaccount.com:testIamPermissions {"permissions":["iam.serviceAccounts.actAs"]}
[debug] [2025-12-02T14:01:16.460Z] <<< [apiv2][status] POST https://iam.googleapis.com/v1/projects/hoopsphere-df315/serviceAccounts/hoopsphere-df315@appspot.gserviceaccount.com:testIamPermissions 200
[debug] [2025-12-02T14:01:16.461Z] <<< [apiv2][body] POST https://iam.googleapis.com/v1/projects/hoopsphere-df315/serviceAccounts/hoopsphere-df315@appspot.gserviceaccount.com:testIamPermissions {"permissions":["iam.serviceAccounts.actAs"]}
[info] 
[info] === Deploying to 'hoopsphere-df315'...
[info] 
[info] i  deploying functions 
[info] Running command: npm --prefix "$RESOURCE_DIR" run build
[info] ✔  functions: Finished running predeploy script. 
[debug] [2025-12-02T14:01:19.431Z] Checked if tokens are valid: true, expires at: 1764686266755
[debug] [2025-12-02T14:01:19.431Z] Checked if tokens are valid: true, expires at: 1764686266755
[debug] [2025-12-02T14:01:19.431Z] >>> [apiv2][query] GET https://cloudresourcemanager.googleapis.com/v1/projects/hoopsphere-df315 [none]
[debug] [2025-12-02T14:01:19.633Z] <<< [apiv2][status] GET https://cloudresourcemanager.googleapis.com/v1/projects/hoopsphere-df315 200
[debug] [2025-12-02T14:01:19.633Z] <<< [apiv2][body] GET https://cloudresourcemanager.googleapis.com/v1/projects/hoopsphere-df315 {"projectNumber":"573890431126","projectId":"hoopsphere-df315","lifecycleState":"ACTIVE","name":"Hoopsphere","labels":{"firebase":"enabled","firebase-core":"disabled"},"createTime":"2025-09-22T10:01:47.262872Z"}
[info] i  functions: preparing codebase default for deployment 
[info] i  functions: ensuring required API cloudfunctions.googleapis.com is enabled... 
[info] i  functions: ensuring required API cloudbuild.googleapis.com is enabled... 
[info] i  artifactregistry: ensuring required API artifactregistry.googleapis.com is enabled... 
[debug] [2025-12-02T14:01:19.637Z] Checked if tokens are valid: true, expires at: 1764686266755
[debug] [2025-12-02T14:01:19.637Z] Checked if tokens are valid: true, expires at: 1764686266755
[debug] [2025-12-02T14:01:19.637Z] >>> [apiv2][query] GET https://firebase.googleapis.com/v1beta1/projects/hoopsphere-df315/adminSdkConfig [none]
[debug] [2025-12-02T14:01:20.146Z] <<< [apiv2][status] GET https://firebase.googleapis.com/v1beta1/projects/hoopsphere-df315/adminSdkConfig 200
[debug] [2025-12-02T14:01:20.146Z] <<< [apiv2][body] GET https://firebase.googleapis.com/v1beta1/projects/hoopsphere-df315/adminSdkConfig {"projectId":"hoopsphere-df315","storageBucket":"hoopsphere-df315.firebasestorage.app"}
[debug] [2025-12-02T14:01:20.147Z] Checked if tokens are valid: true, expires at: 1764686266755
[debug] [2025-12-02T14:01:20.147Z] Checked if tokens are valid: true, expires at: 1764686266755
[debug] [2025-12-02T14:01:20.148Z] >>> [apiv2][query] GET https://runtimeconfig.googleapis.com/v1beta1/projects/hoopsphere-df315/configs [none]
[debug] [2025-12-02T14:01:20.660Z] <<< [apiv2][status] GET https://runtimeconfig.googleapis.com/v1beta1/projects/hoopsphere-df315/configs 200
[debug] [2025-12-02T14:01:20.660Z] <<< [apiv2][body] GET https://runtimeconfig.googleapis.com/v1beta1/projects/hoopsphere-df315/configs {}
[debug] [2025-12-02T14:01:20.662Z] Validating nodejs source
[warn] ⚠  functions: package.json indicates an outdated version of firebase-functions. Please upgrade using npm install --save firebase-functions@latest in your functions directory. 
[warn] ⚠  functions: Please note that there will be breaking changes when you upgrade. 
[debug] [2025-12-02T14:01:21.336Z] > [functions] package.json contents: {
  "name": "functions",
  "main": "lib/index.js",
  "engines": {
    "node": "20"
  },
  "scripts": {
    "build": "tsc -p tsconfig.json"
  },
  "dependencies": {
    "firebase-admin": "^12.5.0",
    "firebase-functions": "^5.0.0"
  },
  "devDependencies": {
    "typescript": "^5.4.0"
  }
}
[debug] [2025-12-02T14:01:21.336Z] Building nodejs source
[info] i  functions: Loading and analyzing source code for codebase default to determine what to deploy 
[debug] [2025-12-02T14:01:21.338Z] Could not find functions.yaml. Must use http discovery
[debug] [2025-12-02T14:01:21.349Z] Found firebase-functions binary at '/var/www/html/cours-mds/hoopsphere2/hoopsphere-app/functions/node_modules/.bin/firebase-functions'
[info] Serving at port 8676

[debug] [2025-12-02T14:01:21.933Z] Got response from /__/functions.yaml {"endpoints":{"onCandidatureCreated":{"platform":"gcfv1","availableMemoryMb":null,"timeoutSeconds":null,"minInstances":null,"maxInstances":null,"ingressSettings":null,"serviceAccountEmail":null,"vpc":null,"region":["europe-west1"],"eventTrigger":{"eventType":"providers/cloud.firestore/eventTypes/document.create","eventFilters":{"resource":"projects/hoopsphere-df315/databases/(default)/documents/clubs/{clubUid}/offres/{offerId}/candidatures/{candId}"},"retry":false},"labels":{},"entryPoint":"onCandidatureCreated"}},"specVersion":"v1alpha1","requiredAPIs":[],"extensions":{}}
[info] i  extensions: ensuring required API firebaseextensions.googleapis.com is enabled... 
[debug] [2025-12-02T14:01:26.969Z] Checked if tokens are valid: true, expires at: 1764686266755
[debug] [2025-12-02T14:01:26.969Z] Checked if tokens are valid: true, expires at: 1764686266755
[debug] [2025-12-02T14:01:26.969Z] >>> [apiv2][query] GET https://serviceusage.googleapis.com/v1/projects/hoopsphere-df315/services/firebaseextensions.googleapis.com [none]
[debug] [2025-12-02T14:01:26.970Z] >>> [apiv2][(partial)header] GET https://serviceusage.googleapis.com/v1/projects/hoopsphere-df315/services/firebaseextensions.googleapis.com x-goog-quota-user=projects/hoopsphere-df315
[debug] [2025-12-02T14:01:28.003Z] <<< [apiv2][status] GET https://serviceusage.googleapis.com/v1/projects/hoopsphere-df315/services/firebaseextensions.googleapis.com 200
[debug] [2025-12-02T14:01:28.003Z] <<< [apiv2][body] GET https://serviceusage.googleapis.com/v1/projects/hoopsphere-df315/services/firebaseextensions.googleapis.com [omitted]
[warn] ⚠  extensions: missing required API firebaseextensions.googleapis.com. Enabling now... 
[debug] [2025-12-02T14:01:28.004Z] Checked if tokens are valid: true, expires at: 1764686266755
[debug] [2025-12-02T14:01:28.004Z] Checked if tokens are valid: true, expires at: 1764686266755
[debug] [2025-12-02T14:01:28.005Z] >>> [apiv2][query] POST https://serviceusage.googleapis.com/v1/projects/hoopsphere-df315/services/firebaseextensions.googleapis.com:enable [none]
[debug] [2025-12-02T14:01:28.005Z] >>> [apiv2][(partial)header] POST https://serviceusage.googleapis.com/v1/projects/hoopsphere-df315/services/firebaseextensions.googleapis.com:enable x-goog-quota-user=projects/hoopsphere-df315
[debug] [2025-12-02T14:01:28.646Z] <<< [apiv2][status] POST https://serviceusage.googleapis.com/v1/projects/hoopsphere-df315/services/firebaseextensions.googleapis.com:enable 200
[debug] [2025-12-02T14:01:28.646Z] <<< [apiv2][body] POST https://serviceusage.googleapis.com/v1/projects/hoopsphere-df315/services/firebaseextensions.googleapis.com:enable [omitted]
[debug] [2025-12-02T14:01:38.660Z] > command requires scopes: ["email","openid","https://www.googleapis.com/auth/cloudplatformprojects.readonly","https://www.googleapis.com/auth/firebase","https://www.googleapis.com/auth/cloud-platform"]
[debug] [2025-12-02T14:01:38.661Z] > authorizing via signed-in user (mahylan.veclin@gmail.com)
[debug] [2025-12-02T14:01:38.661Z] [iam] checking project hoopsphere-df315 for permissions ["firebase.projects.get","firebaseextensions.instances.list"]
[debug] [2025-12-02T14:01:38.662Z] Checked if tokens are valid: true, expires at: 1764686266755
[debug] [2025-12-02T14:01:38.662Z] Checked if tokens are valid: true, expires at: 1764686266755
[debug] [2025-12-02T14:01:38.662Z] >>> [apiv2][query] POST https://cloudresourcemanager.googleapis.com/v1/projects/hoopsphere-df315:testIamPermissions [none]
[debug] [2025-12-02T14:01:38.662Z] >>> [apiv2][(partial)header] POST https://cloudresourcemanager.googleapis.com/v1/projects/hoopsphere-df315:testIamPermissions x-goog-quota-user=projects/hoopsphere-df315
[debug] [2025-12-02T14:01:38.662Z] >>> [apiv2][body] POST https://cloudresourcemanager.googleapis.com/v1/projects/hoopsphere-df315:testIamPermissions {"permissions":["firebase.projects.get","firebaseextensions.instances.list"]}
[debug] [2025-12-02T14:01:39.403Z] <<< [apiv2][status] POST https://cloudresourcemanager.googleapis.com/v1/projects/hoopsphere-df315:testIamPermissions 200
[debug] [2025-12-02T14:01:39.404Z] <<< [apiv2][body] POST https://cloudresourcemanager.googleapis.com/v1/projects/hoopsphere-df315:testIamPermissions {"permissions":["firebase.projects.get","firebaseextensions.instances.list"]}
[debug] [2025-12-02T14:01:39.404Z] Checked if tokens are valid: true, expires at: 1764686266755
[debug] [2025-12-02T14:01:39.405Z] Checked if tokens are valid: true, expires at: 1764686266755
[debug] [2025-12-02T14:01:39.406Z] >>> [apiv2][query] GET https://firebaseextensions.googleapis.com/v1beta/projects/hoopsphere-df315/instances pageSize=100&pageToken=
[debug] [2025-12-02T14:01:43.398Z] <<< [apiv2][status] GET https://firebaseextensions.googleapis.com/v1beta/projects/hoopsphere-df315/instances 200
[debug] [2025-12-02T14:01:43.398Z] <<< [apiv2][body] GET https://firebaseextensions.googleapis.com/v1beta/projects/hoopsphere-df315/instances {}
[info] i  functions: preparing functions directory for uploading... 
[info] i  functions: packaged /var/www/html/cours-mds/hoopsphere2/hoopsphere-app/functions (35.21 KB) for uploading 
[debug] [2025-12-02T14:01:43.446Z] Checked if tokens are valid: true, expires at: 1764686266755
[debug] [2025-12-02T14:01:43.446Z] Checked if tokens are valid: true, expires at: 1764686266755
[debug] [2025-12-02T14:01:43.446Z] >>> [apiv2][query] GET https://cloudfunctions.googleapis.com/v1/projects/hoopsphere-df315/locations/-/functions [none]
[debug] [2025-12-02T14:01:44.028Z] <<< [apiv2][status] GET https://cloudfunctions.googleapis.com/v1/projects/hoopsphere-df315/locations/-/functions 200
[debug] [2025-12-02T14:01:44.028Z] <<< [apiv2][body] GET https://cloudfunctions.googleapis.com/v1/projects/hoopsphere-df315/locations/-/functions {}
[debug] [2025-12-02T14:01:44.029Z] Checked if tokens are valid: true, expires at: 1764686266755
[debug] [2025-12-02T14:01:44.029Z] Checked if tokens are valid: true, expires at: 1764686266755
[debug] [2025-12-02T14:01:44.030Z] >>> [apiv2][query] GET https://cloudfunctions.googleapis.com/v2/projects/hoopsphere-df315/locations/-/functions filter=environment%3D%22GEN_2%22
[debug] [2025-12-02T14:01:44.976Z] <<< [apiv2][status] GET https://cloudfunctions.googleapis.com/v2/projects/hoopsphere-df315/locations/-/functions 200
[debug] [2025-12-02T14:01:44.976Z] <<< [apiv2][body] GET https://cloudfunctions.googleapis.com/v2/projects/hoopsphere-df315/locations/-/functions {}
[debug] [2025-12-02T14:01:44.983Z] Checked if tokens are valid: true, expires at: 1764686266755
[debug] [2025-12-02T14:01:44.984Z] Checked if tokens are valid: true, expires at: 1764686266755
[debug] [2025-12-02T14:01:44.984Z] >>> [apiv2][query] GET https://cloudresourcemanager.googleapis.com/v1/projects/hoopsphere-df315 [none]
[debug] [2025-12-02T14:01:45.655Z] <<< [apiv2][status] GET https://cloudresourcemanager.googleapis.com/v1/projects/hoopsphere-df315 200
[debug] [2025-12-02T14:01:45.655Z] <<< [apiv2][body] GET https://cloudresourcemanager.googleapis.com/v1/projects/hoopsphere-df315 {"projectNumber":"573890431126","projectId":"hoopsphere-df315","lifecycleState":"ACTIVE","name":"Hoopsphere","labels":{"firebase":"enabled","firebase-core":"disabled"},"createTime":"2025-09-22T10:01:47.262872Z"}
[debug] [2025-12-02T14:01:45.657Z] Checked if tokens are valid: true, expires at: 1764686266755
[debug] [2025-12-02T14:01:45.657Z] Checked if tokens are valid: true, expires at: 1764686266755
[debug] [2025-12-02T14:01:45.657Z] >>> [apiv2][query] GET https://cloudbilling.googleapis.com/v1/projects/hoopsphere-df315/billingInfo [none]
[debug] [2025-12-02T14:01:45.891Z] <<< [apiv2][status] GET https://cloudbilling.googleapis.com/v1/projects/hoopsphere-df315/billingInfo 200
[debug] [2025-12-02T14:01:45.891Z] <<< [apiv2][body] GET https://cloudbilling.googleapis.com/v1/projects/hoopsphere-df315/billingInfo {"name":"projects/hoopsphere-df315/billingInfo","projectId":"hoopsphere-df315","billingAccountName":"billingAccounts/011DC0-F64289-1C811F","billingEnabled":true}
[debug] [2025-12-02T14:01:45.894Z] Checked if tokens are valid: true, expires at: 1764686266755
[debug] [2025-12-02T14:01:45.894Z] Checked if tokens are valid: true, expires at: 1764686266755
[debug] [2025-12-02T14:01:45.895Z] >>> [apiv2][query] POST https://cloudfunctions.googleapis.com/v1/projects/hoopsphere-df315/locations/europe-west1/functions:generateUploadUrl [none]
[debug] [2025-12-02T14:01:45.895Z] >>> [apiv2][body] POST https://cloudfunctions.googleapis.com/v1/projects/hoopsphere-df315/locations/europe-west1/functions:generateUploadUrl {}
[debug] [2025-12-02T14:02:13.908Z] <<< [apiv2][status] POST https://cloudfunctions.googleapis.com/v1/projects/hoopsphere-df315/locations/europe-west1/functions:generateUploadUrl 200
[debug] [2025-12-02T14:02:13.908Z] <<< [apiv2][body] POST https://cloudfunctions.googleapis.com/v1/projects/hoopsphere-df315/locations/europe-west1/functions:generateUploadUrl {"uploadUrl":"https://storage.googleapis.com/uploads-937457936705.europe-west1.cloudfunctions.appspot.com/10cc16ed-821a-4bc5-88e1-446ea2296262.zip?GoogleAccessId=service-573890431126@gcf-admin-robot.iam.gserviceaccount.com&Expires=1764685933&Signature=FiqH3Ez4g9h4f77KlPnBvBOcC6dEseFfG%2Farbmc3prEybi291pL%2Buwq2RgEoUWggfxX9vHPOD%2FNoaA4RWFf1omYilBBHP8WuyFuinpvMQiCKrxNVKEEve%2FXPErxYQh9Kz6PrDlzvmR6H%2Fl4M8Ma8wINJhSZyPCPeuSD5eu1PTSP64tBXfcw%2FqDHSPq12Pc3LVMP9uvs3xDNugicjhb0pBBFGJI4tnNAR6FjCGsHO%2BD4Yb3hK8OnyepmgGxA8NLs7TQCaA9yE7ZJBgj3TpLzxn%2BZU6RLzPwycNqtOpyAcRlyUccgzBJob%2Bv74YjTzRXw7ZPM1LXJ3KCtWz8hJPoAhCg%3D%3D"}
[debug] [2025-12-02T14:02:13.910Z] >>> [apiv2][query] PUT https://storage.googleapis.com/uploads-937457936705.europe-west1.cloudfunctions.appspot.com/10cc16ed-821a-4bc5-88e1-446ea2296262.zip GoogleAccessId=service-573890431126%40gcf-admin-robot.iam.gserviceaccount.com&Expires=1764685933&Signature=FiqH3Ez4g9h4f77KlPnBvBOcC6dEseFfG%2Farbmc3prEybi291pL%2Buwq2RgEoUWggfxX9vHPOD%2FNoaA4RWFf1omYilBBHP8WuyFuinpvMQiCKrxNVKEEve%2FXPErxYQh9Kz6PrDlzvmR6H%2Fl4M8Ma8wINJhSZyPCPeuSD5eu1PTSP64tBXfcw%2FqDHSPq12Pc3LVMP9uvs3xDNugicjhb0pBBFGJI4tnNAR6FjCGsHO%2BD4Yb3hK8OnyepmgGxA8NLs7TQCaA9yE7ZJBgj3TpLzxn%2BZU6RLzPwycNqtOpyAcRlyUccgzBJob%2Bv74YjTzRXw7ZPM1LXJ3KCtWz8hJPoAhCg%3D%3D
[debug] [2025-12-02T14:02:13.910Z] >>> [apiv2][body] PUT https://storage.googleapis.com/uploads-937457936705.europe-west1.cloudfunctions.appspot.com/10cc16ed-821a-4bc5-88e1-446ea2296262.zip [stream]
[debug] [2025-12-02T14:02:15.443Z] <<< [apiv2][status] PUT https://storage.googleapis.com/uploads-937457936705.europe-west1.cloudfunctions.appspot.com/10cc16ed-821a-4bc5-88e1-446ea2296262.zip 200
[debug] [2025-12-02T14:02:15.443Z] <<< [apiv2][body] PUT https://storage.googleapis.com/uploads-937457936705.europe-west1.cloudfunctions.appspot.com/10cc16ed-821a-4bc5-88e1-446ea2296262.zip [omitted]
[info] ✔  functions: functions source uploaded successfully 
[info] i  functions: creating Node.js 20 (1st Gen) function onCandidatureCreated(europe-west1)... 
[debug] [2025-12-02T14:02:15.448Z] Checked if tokens are valid: true, expires at: 1764686266755
[debug] [2025-12-02T14:02:15.448Z] Checked if tokens are valid: true, expires at: 1764686266755
[debug] [2025-12-02T14:02:15.448Z] >>> [apiv2][query] POST https://cloudfunctions.googleapis.com/v1/projects/hoopsphere-df315/locations/europe-west1/functions [none]
[debug] [2025-12-02T14:02:15.448Z] >>> [apiv2][body] POST https://cloudfunctions.googleapis.com/v1/projects/hoopsphere-df315/locations/europe-west1/functions {"name":"projects/hoopsphere-df315/locations/europe-west1/functions/onCandidatureCreated","sourceUploadUrl":"https://storage.googleapis.com/uploads-937457936705.europe-west1.cloudfunctions.appspot.com/10cc16ed-821a-4bc5-88e1-446ea2296262.zip?GoogleAccessId=service-573890431126@gcf-admin-robot.iam.gserviceaccount.com&Expires=1764685933&Signature=FiqH3Ez4g9h4f77KlPnBvBOcC6dEseFfG%2Farbmc3prEybi291pL%2Buwq2RgEoUWggfxX9vHPOD%2FNoaA4RWFf1omYilBBHP8WuyFuinpvMQiCKrxNVKEEve%2FXPErxYQh9Kz6PrDlzvmR6H%2Fl4M8Ma8wINJhSZyPCPeuSD5eu1PTSP64tBXfcw%2FqDHSPq12Pc3LVMP9uvs3xDNugicjhb0pBBFGJI4tnNAR6FjCGsHO%2BD4Yb3hK8OnyepmgGxA8NLs7TQCaA9yE7ZJBgj3TpLzxn%2BZU6RLzPwycNqtOpyAcRlyUccgzBJob%2Bv74YjTzRXw7ZPM1LXJ3KCtWz8hJPoAhCg%3D%3D","entryPoint":"onCandidatureCreated","runtime":"nodejs20","dockerRegistry":"ARTIFACT_REGISTRY","labels":{"deployment-tool":"cli-firebase","firebase-functions-hash":"49bc06c31921a88f5875ffa74a70b9caba01ca1c"},"eventTrigger":{"eventType":"providers/cloud.firestore/eventTypes/document.create","resource":"projects/hoopsphere-df315/databases/(default)/documents/clubs/{clubUid}/offres/{offerId}/candidatures/{candId}"},"minInstances":null,"maxInstances":null,"ingressSettings":null,"environmentVariables":{"FIREBASE_CONFIG":"{\"projectId\":\"hoopsphere-df315\",\"storageBucket\":\"hoopsphere-df315.firebasestorage.app\"}","GCLOUD_PROJECT":"hoopsphere-df315","EVENTARC_CLOUD_EVENT_SOURCE":"projects/hoopsphere-df315/locations/europe-west1/functions/onCandidatureCreated"},"serviceAccountEmail":null,"availableMemoryMb":null,"timeout":null,"vpcConnector":null,"vpcConnectorEgressSettings":null,"buildEnvironmentVariables":{"GOOGLE_NODE_RUN_SCRIPTS":""}}
[debug] [2025-12-02T14:02:18.055Z] <<< [apiv2][status] POST https://cloudfunctions.googleapis.com/v1/projects/hoopsphere-df315/locations/europe-west1/functions 200
[debug] [2025-12-02T14:02:18.055Z] <<< [apiv2][body] POST https://cloudfunctions.googleapis.com/v1/projects/hoopsphere-df315/locations/europe-west1/functions {"name":"operations/cHJvamVjdHMvaG9vcHNwaGVyZS1kZjMxNS9sb2NhdGlvbnMvZXVyb3BlLXdlc3QxL29wZXJhdGlvbnMvb3BlcmF0aW9uLTE3NjQ2ODQxMzU1MTMtNjQ0Zjg4YjA5YmUzOC03NGRlNzhkMS1hZjZkYjdjNQ","metadata":{"@type":"type.googleapis.com/google.cloud.functions.v1.OperationMetadataV1","target":"projects/hoopsphere-df315/locations/europe-west1/functions/onCandidatureCreated","updateTime":"2025-12-02T14:02:17.981090304Z"}}
[debug] [2025-12-02T14:02:18.056Z] Checked if tokens are valid: true, expires at: 1764686266755
[debug] [2025-12-02T14:02:18.056Z] Checked if tokens are valid: true, expires at: 1764686266755
[debug] [2025-12-02T14:02:18.056Z] >>> [apiv2][query] GET https://cloudfunctions.googleapis.com/v1/operations/cHJvamVjdHMvaG9vcHNwaGVyZS1kZjMxNS9sb2NhdGlvbnMvZXVyb3BlLXdlc3QxL29wZXJhdGlvbnMvb3BlcmF0aW9uLTE3NjQ2ODQxMzU1MTMtNjQ0Zjg4YjA5YmUzOC03NGRlNzhkMS1hZjZkYjdjNQ [none]
[debug] [2025-12-02T14:02:18.209Z] <<< [apiv2][status] GET https://cloudfunctions.googleapis.com/v1/operations/cHJvamVjdHMvaG9vcHNwaGVyZS1kZjMxNS9sb2NhdGlvbnMvZXVyb3BlLXdlc3QxL29wZXJhdGlvbnMvb3BlcmF0aW9uLTE3NjQ2ODQxMzU1MTMtNjQ0Zjg4YjA5YmUzOC03NGRlNzhkMS1hZjZkYjdjNQ 200
[debug] [2025-12-02T14:02:18.209Z] <<< [apiv2][body] GET https://cloudfunctions.googleapis.com/v1/operations/cHJvamVjdHMvaG9vcHNwaGVyZS1kZjMxNS9sb2NhdGlvbnMvZXVyb3BlLXdlc3QxL29wZXJhdGlvbnMvb3BlcmF0aW9uLTE3NjQ2ODQxMzU1MTMtNjQ0Zjg4YjA5YmUzOC03NGRlNzhkMS1hZjZkYjdjNQ {"name":"operations/cHJvamVjdHMvaG9vcHNwaGVyZS1kZjMxNS9sb2NhdGlvbnMvZXVyb3BlLXdlc3QxL29wZXJhdGlvbnMvb3BlcmF0aW9uLTE3NjQ2ODQxMzU1MTMtNjQ0Zjg4YjA5YmUzOC03NGRlNzhkMS1hZjZkYjdjNQ","metadata":{"@type":"type.googleapis.com/google.cloud.functions.v1.OperationMetadataV1","target":"projects/hoopsphere-df315/locations/europe-west1/functions/onCandidatureCreated","updateTime":"2025-12-02T14:02:17.981090304Z"}}
[debug] [2025-12-02T14:02:18.712Z] [create-default-europe-west1-onCandidatureCreated] Retrying task index 0
[debug] [2025-12-02T14:02:18.712Z] Checked if tokens are valid: true, expires at: 1764686266755
[debug] [2025-12-02T14:02:18.713Z] Checked if tokens are valid: true, expires at: 1764686266755
[debug] [2025-12-02T14:02:18.713Z] >>> [apiv2][query] GET https://cloudfunctions.googleapis.com/v1/operations/cHJvamVjdHMvaG9vcHNwaGVyZS1kZjMxNS9sb2NhdGlvbnMvZXVyb3BlLXdlc3QxL29wZXJhdGlvbnMvb3BlcmF0aW9uLTE3NjQ2ODQxMzU1MTMtNjQ0Zjg4YjA5YmUzOC03NGRlNzhkMS1hZjZkYjdjNQ [none]
[debug] [2025-12-02T14:02:18.824Z] <<< [apiv2][status] GET https://cloudfunctions.googleapis.com/v1/operations/cHJvamVjdHMvaG9vcHNwaGVyZS1kZjMxNS9sb2NhdGlvbnMvZXVyb3BlLXdlc3QxL29wZXJhdGlvbnMvb3BlcmF0aW9uLTE3NjQ2ODQxMzU1MTMtNjQ0Zjg4YjA5YmUzOC03NGRlNzhkMS1hZjZkYjdjNQ 200
[debug] [2025-12-02T14:02:18.824Z] <<< [apiv2][body] GET https://cloudfunctions.googleapis.com/v1/operations/cHJvamVjdHMvaG9vcHNwaGVyZS1kZjMxNS9sb2NhdGlvbnMvZXVyb3BlLXdlc3QxL29wZXJhdGlvbnMvb3BlcmF0aW9uLTE3NjQ2ODQxMzU1MTMtNjQ0Zjg4YjA5YmUzOC03NGRlNzhkMS1hZjZkYjdjNQ {"name":"operations/cHJvamVjdHMvaG9vcHNwaGVyZS1kZjMxNS9sb2NhdGlvbnMvZXVyb3BlLXdlc3QxL29wZXJhdGlvbnMvb3BlcmF0aW9uLTE3NjQ2ODQxMzU1MTMtNjQ0Zjg4YjA5YmUzOC03NGRlNzhkMS1hZjZkYjdjNQ","metadata":{"@type":"type.googleapis.com/google.cloud.functions.v1.OperationMetadataV1","target":"projects/hoopsphere-df315/locations/europe-west1/functions/onCandidatureCreated","type":"CREATE_FUNCTION","request":{"@type":"type.googleapis.com/google.cloud.functions.v1.CloudFunction","name":"projects/hoopsphere-df315/locations/europe-west1/functions/onCandidatureCreated","eventTrigger":{"eventType":"providers/cloud.firestore/eventTypes/document.create","resource":"projects/hoopsphere-df315/databases/(default)/documents/clubs/{clubUid}/offres/{offerId}/candidatures/{candId}","failurePolicy":{}},"entryPoint":"onCandidatureCreated","updateTime":"1970-01-01T00:00:00Z","labels":{"deployment-tool":"cli-firebase","firebase-functions-hash":"49bc06c31921a88f5875ffa74a70b9caba01ca1c"},"sourceUploadUrl":"https://storage.googleapis.com/uploads-937457936705.europe-west1.cloudfunctions.appspot.com/10cc16ed-821a-4bc5-88e1-446ea2296262.zip?GoogleAccessId=service-573890431126@gcf-admin-robot.iam.gserviceaccount.com&Expires=1764685933&Signature=FiqH3Ez4g9h4f77KlPnBvBOcC6dEseFfG%2Farbmc3prEybi291pL%2Buwq2RgEoUWggfxX9vHPOD%2FNoaA4RWFf1omYilBBHP8WuyFuinpvMQiCKrxNVKEEve%2FXPErxYQh9Kz6PrDlzvmR6H%2Fl4M8Ma8wINJhSZyPCPeuSD5eu1PTSP64tBXfcw%2FqDHSPq12Pc3LVMP9uvs3xDNugicjhb0pBBFGJI4tnNAR6FjCGsHO%2BD4Yb3hK8OnyepmgGxA8NLs7TQCaA9yE7ZJBgj3TpLzxn%2BZU6RLzPwycNqtOpyAcRlyUccgzBJob%2Bv74YjTzRXw7ZPM1LXJ3KCtWz8hJPoAhCg%3D%3D","environmentVariables":{"FIREBASE_CONFIG":"{\"projectId\":\"hoopsphere-df315\",\"storageBucket\":\"hoopsphere-df315.firebasestorage.app\"}","GCLOUD_PROJECT":"hoopsphere-df315","EVENTARC_CLOUD_EVENT_SOURCE":"projects/hoopsphere-df315/locations/europe-west1/functions/onCandidatureCreated"},"runtime":"nodejs20","buildEnvironmentVariables":{"GOOGLE_NODE_RUN_SCRIPTS":""},"dockerRegistry":"ARTIFACT_REGISTRY"},"versionId":"1","updateTime":"2025-12-02T14:02:17.981090304Z"}}
[debug] [2025-12-02T14:02:19.825Z] [create-default-europe-west1-onCandidatureCreated] Retrying task index 0
[debug] [2025-12-02T14:02:19.826Z] Checked if tokens are valid: true, expires at: 1764686266755
[debug] [2025-12-02T14:02:19.826Z] Checked if tokens are valid: true, expires at: 1764686266755
[debug] [2025-12-02T14:02:19.826Z] >>> [apiv2][query] GET https://cloudfunctions.googleapis.com/v1/operations/cHJvamVjdHMvaG9vcHNwaGVyZS1kZjMxNS9sb2NhdGlvbnMvZXVyb3BlLXdlc3QxL29wZXJhdGlvbnMvb3BlcmF0aW9uLTE3NjQ2ODQxMzU1MTMtNjQ0Zjg4YjA5YmUzOC03NGRlNzhkMS1hZjZkYjdjNQ [none]
[debug] [2025-12-02T14:02:19.949Z] <<< [apiv2][status] GET https://cloudfunctions.googleapis.com/v1/operations/cHJvamVjdHMvaG9vcHNwaGVyZS1kZjMxNS9sb2NhdGlvbnMvZXVyb3BlLXdlc3QxL29wZXJhdGlvbnMvb3BlcmF0aW9uLTE3NjQ2ODQxMzU1MTMtNjQ0Zjg4YjA5YmUzOC03NGRlNzhkMS1hZjZkYjdjNQ 200
[debug] [2025-12-02T14:02:19.949Z] <<< [apiv2][body] GET https://cloudfunctions.googleapis.com/v1/operations/cHJvamVjdHMvaG9vcHNwaGVyZS1kZjMxNS9sb2NhdGlvbnMvZXVyb3BlLXdlc3QxL29wZXJhdGlvbnMvb3BlcmF0aW9uLTE3NjQ2ODQxMzU1MTMtNjQ0Zjg4YjA5YmUzOC03NGRlNzhkMS1hZjZkYjdjNQ {"name":"operations/cHJvamVjdHMvaG9vcHNwaGVyZS1kZjMxNS9sb2NhdGlvbnMvZXVyb3BlLXdlc3QxL29wZXJhdGlvbnMvb3BlcmF0aW9uLTE3NjQ2ODQxMzU1MTMtNjQ0Zjg4YjA5YmUzOC03NGRlNzhkMS1hZjZkYjdjNQ","metadata":{"@type":"type.googleapis.com/google.cloud.functions.v1.OperationMetadataV1","target":"projects/hoopsphere-df315/locations/europe-west1/functions/onCandidatureCreated","type":"CREATE_FUNCTION","request":{"@type":"type.googleapis.com/google.cloud.functions.v1.CloudFunction","name":"projects/hoopsphere-df315/locations/europe-west1/functions/onCandidatureCreated","eventTrigger":{"eventType":"providers/cloud.firestore/eventTypes/document.create","resource":"projects/hoopsphere-df315/databases/(default)/documents/clubs/{clubUid}/offres/{offerId}/candidatures/{candId}","failurePolicy":{}},"entryPoint":"onCandidatureCreated","updateTime":"1970-01-01T00:00:00Z","labels":{"deployment-tool":"cli-firebase","firebase-functions-hash":"49bc06c31921a88f5875ffa74a70b9caba01ca1c"},"sourceUploadUrl":"https://storage.googleapis.com/uploads-937457936705.europe-west1.cloudfunctions.appspot.com/10cc16ed-821a-4bc5-88e1-446ea2296262.zip?GoogleAccessId=service-573890431126@gcf-admin-robot.iam.gserviceaccount.com&Expires=1764685933&Signature=FiqH3Ez4g9h4f77KlPnBvBOcC6dEseFfG%2Farbmc3prEybi291pL%2Buwq2RgEoUWggfxX9vHPOD%2FNoaA4RWFf1omYilBBHP8WuyFuinpvMQiCKrxNVKEEve%2FXPErxYQh9Kz6PrDlzvmR6H%2Fl4M8Ma8wINJhSZyPCPeuSD5eu1PTSP64tBXfcw%2FqDHSPq12Pc3LVMP9uvs3xDNugicjhb0pBBFGJI4tnNAR6FjCGsHO%2BD4Yb3hK8OnyepmgGxA8NLs7TQCaA9yE7ZJBgj3TpLzxn%2BZU6RLzPwycNqtOpyAcRlyUccgzBJob%2Bv74YjTzRXw7ZPM1LXJ3KCtWz8hJPoAhCg%3D%3D","environmentVariables":{"FIREBASE_CONFIG":"{\"projectId\":\"hoopsphere-df315\",\"storageBucket\":\"hoopsphere-df315.firebasestorage.app\"}","GCLOUD_PROJECT":"hoopsphere-df315","EVENTARC_CLOUD_EVENT_SOURCE":"projects/hoopsphere-df315/locations/europe-west1/functions/onCandidatureCreated"},"runtime":"nodejs20","buildEnvironmentVariables":{"GOOGLE_NODE_RUN_SCRIPTS":""},"dockerRegistry":"ARTIFACT_REGISTRY"},"versionId":"1","updateTime":"2025-12-02T14:02:17.981090304Z"}}
[debug] [2025-12-02T14:02:21.951Z] [create-default-europe-west1-onCandidatureCreated] Retrying task index 0
[debug] [2025-12-02T14:02:21.952Z] Checked if tokens are valid: true, expires at: 1764686266755
[debug] [2025-12-02T14:02:21.952Z] Checked if tokens are valid: true, expires at: 1764686266755
[debug] [2025-12-02T14:02:21.952Z] >>> [apiv2][query] GET https://cloudfunctions.googleapis.com/v1/operations/cHJvamVjdHMvaG9vcHNwaGVyZS1kZjMxNS9sb2NhdGlvbnMvZXVyb3BlLXdlc3QxL29wZXJhdGlvbnMvb3BlcmF0aW9uLTE3NjQ2ODQxMzU1MTMtNjQ0Zjg4YjA5YmUzOC03NGRlNzhkMS1hZjZkYjdjNQ [none]
[debug] [2025-12-02T14:02:22.019Z] <<< [apiv2][status] GET https://cloudfunctions.googleapis.com/v1/operations/cHJvamVjdHMvaG9vcHNwaGVyZS1kZjMxNS9sb2NhdGlvbnMvZXVyb3BlLXdlc3QxL29wZXJhdGlvbnMvb3BlcmF0aW9uLTE3NjQ2ODQxMzU1MTMtNjQ0Zjg4YjA5YmUzOC03NGRlNzhkMS1hZjZkYjdjNQ 200
[debug] [2025-12-02T14:02:22.019Z] <<< [apiv2][body] GET https://cloudfunctions.googleapis.com/v1/operations/cHJvamVjdHMvaG9vcHNwaGVyZS1kZjMxNS9sb2NhdGlvbnMvZXVyb3BlLXdlc3QxL29wZXJhdGlvbnMvb3BlcmF0aW9uLTE3NjQ2ODQxMzU1MTMtNjQ0Zjg4YjA5YmUzOC03NGRlNzhkMS1hZjZkYjdjNQ {"name":"operations/cHJvamVjdHMvaG9vcHNwaGVyZS1kZjMxNS9sb2NhdGlvbnMvZXVyb3BlLXdlc3QxL29wZXJhdGlvbnMvb3BlcmF0aW9uLTE3NjQ2ODQxMzU1MTMtNjQ0Zjg4YjA5YmUzOC03NGRlNzhkMS1hZjZkYjdjNQ","metadata":{"@type":"type.googleapis.com/google.cloud.functions.v1.OperationMetadataV1","target":"projects/hoopsphere-df315/locations/europe-west1/functions/onCandidatureCreated","type":"CREATE_FUNCTION","request":{"@type":"type.googleapis.com/google.cloud.functions.v1.CloudFunction","name":"projects/hoopsphere-df315/locations/europe-west1/functions/onCandidatureCreated","eventTrigger":{"eventType":"providers/cloud.firestore/eventTypes/document.create","resource":"projects/hoopsphere-df315/databases/(default)/documents/clubs/{clubUid}/offres/{offerId}/candidatures/{candId}","failurePolicy":{}},"entryPoint":"onCandidatureCreated","updateTime":"1970-01-01T00:00:00Z","labels":{"deployment-tool":"cli-firebase","firebase-functions-hash":"49bc06c31921a88f5875ffa74a70b9caba01ca1c"},"sourceUploadUrl":"https://storage.googleapis.com/uploads-937457936705.europe-west1.cloudfunctions.appspot.com/10cc16ed-821a-4bc5-88e1-446ea2296262.zip?GoogleAccessId=service-573890431126@gcf-admin-robot.iam.gserviceaccount.com&Expires=1764685933&Signature=FiqH3Ez4g9h4f77KlPnBvBOcC6dEseFfG%2Farbmc3prEybi291pL%2Buwq2RgEoUWggfxX9vHPOD%2FNoaA4RWFf1omYilBBHP8WuyFuinpvMQiCKrxNVKEEve%2FXPErxYQh9Kz6PrDlzvmR6H%2Fl4M8Ma8wINJhSZyPCPeuSD5eu1PTSP64tBXfcw%2FqDHSPq12Pc3LVMP9uvs3xDNugicjhb0pBBFGJI4tnNAR6FjCGsHO%2BD4Yb3hK8OnyepmgGxA8NLs7TQCaA9yE7ZJBgj3TpLzxn%2BZU6RLzPwycNqtOpyAcRlyUccgzBJob%2Bv74YjTzRXw7ZPM1LXJ3KCtWz8hJPoAhCg%3D%3D","environmentVariables":{"FIREBASE_CONFIG":"{\"projectId\":\"hoopsphere-df315\",\"storageBucket\":\"hoopsphere-df315.firebasestorage.app\"}","GCLOUD_PROJECT":"hoopsphere-df315","EVENTARC_CLOUD_EVENT_SOURCE":"projects/hoopsphere-df315/locations/europe-west1/functions/onCandidatureCreated"},"runtime":"nodejs20","buildEnvironmentVariables":{"GOOGLE_NODE_RUN_SCRIPTS":""},"dockerRegistry":"ARTIFACT_REGISTRY"},"versionId":"1","updateTime":"2025-12-02T14:02:17.981090304Z"}}
[debug] [2025-12-02T14:02:26.020Z] [create-default-europe-west1-onCandidatureCreated] Retrying task index 0
[debug] [2025-12-02T14:02:26.021Z] Checked if tokens are valid: true, expires at: 1764686266755
[debug] [2025-12-02T14:02:26.021Z] Checked if tokens are valid: true, expires at: 1764686266755
[debug] [2025-12-02T14:02:26.021Z] >>> [apiv2][query] GET https://cloudfunctions.googleapis.com/v1/operations/cHJvamVjdHMvaG9vcHNwaGVyZS1kZjMxNS9sb2NhdGlvbnMvZXVyb3BlLXdlc3QxL29wZXJhdGlvbnMvb3BlcmF0aW9uLTE3NjQ2ODQxMzU1MTMtNjQ0Zjg4YjA5YmUzOC03NGRlNzhkMS1hZjZkYjdjNQ [none]
[debug] [2025-12-02T14:02:26.197Z] <<< [apiv2][status] GET https://cloudfunctions.googleapis.com/v1/operations/cHJvamVjdHMvaG9vcHNwaGVyZS1kZjMxNS9sb2NhdGlvbnMvZXVyb3BlLXdlc3QxL29wZXJhdGlvbnMvb3BlcmF0aW9uLTE3NjQ2ODQxMzU1MTMtNjQ0Zjg4YjA5YmUzOC03NGRlNzhkMS1hZjZkYjdjNQ 200
[debug] [2025-12-02T14:02:26.197Z] <<< [apiv2][body] GET https://cloudfunctions.googleapis.com/v1/operations/cHJvamVjdHMvaG9vcHNwaGVyZS1kZjMxNS9sb2NhdGlvbnMvZXVyb3BlLXdlc3QxL29wZXJhdGlvbnMvb3BlcmF0aW9uLTE3NjQ2ODQxMzU1MTMtNjQ0Zjg4YjA5YmUzOC03NGRlNzhkMS1hZjZkYjdjNQ {"name":"operations/cHJvamVjdHMvaG9vcHNwaGVyZS1kZjMxNS9sb2NhdGlvbnMvZXVyb3BlLXdlc3QxL29wZXJhdGlvbnMvb3BlcmF0aW9uLTE3NjQ2ODQxMzU1MTMtNjQ0Zjg4YjA5YmUzOC03NGRlNzhkMS1hZjZkYjdjNQ","metadata":{"@type":"type.googleapis.com/google.cloud.functions.v1.OperationMetadataV1","target":"projects/hoopsphere-df315/locations/europe-west1/functions/onCandidatureCreated","type":"CREATE_FUNCTION","request":{"@type":"type.googleapis.com/google.cloud.functions.v1.CloudFunction","name":"projects/hoopsphere-df315/locations/europe-west1/functions/onCandidatureCreated","eventTrigger":{"eventType":"providers/cloud.firestore/eventTypes/document.create","resource":"projects/hoopsphere-df315/databases/(default)/documents/clubs/{clubUid}/offres/{offerId}/candidatures/{candId}","failurePolicy":{}},"entryPoint":"onCandidatureCreated","updateTime":"1970-01-01T00:00:00Z","labels":{"deployment-tool":"cli-firebase","firebase-functions-hash":"49bc06c31921a88f5875ffa74a70b9caba01ca1c"},"sourceUploadUrl":"https://storage.googleapis.com/uploads-937457936705.europe-west1.cloudfunctions.appspot.com/10cc16ed-821a-4bc5-88e1-446ea2296262.zip?GoogleAccessId=service-573890431126@gcf-admin-robot.iam.gserviceaccount.com&Expires=1764685933&Signature=FiqH3Ez4g9h4f77KlPnBvBOcC6dEseFfG%2Farbmc3prEybi291pL%2Buwq2RgEoUWggfxX9vHPOD%2FNoaA4RWFf1omYilBBHP8WuyFuinpvMQiCKrxNVKEEve%2FXPErxYQh9Kz6PrDlzvmR6H%2Fl4M8Ma8wINJhSZyPCPeuSD5eu1PTSP64tBXfcw%2FqDHSPq12Pc3LVMP9uvs3xDNugicjhb0pBBFGJI4tnNAR6FjCGsHO%2BD4Yb3hK8OnyepmgGxA8NLs7TQCaA9yE7ZJBgj3TpLzxn%2BZU6RLzPwycNqtOpyAcRlyUccgzBJob%2Bv74YjTzRXw7ZPM1LXJ3KCtWz8hJPoAhCg%3D%3D","environmentVariables":{"FIREBASE_CONFIG":"{\"projectId\":\"hoopsphere-df315\",\"storageBucket\":\"hoopsphere-df315.firebasestorage.app\"}","GCLOUD_PROJECT":"hoopsphere-df315","EVENTARC_CLOUD_EVENT_SOURCE":"projects/hoopsphere-df315/locations/europe-west1/functions/onCandidatureCreated"},"runtime":"nodejs20","buildEnvironmentVariables":{"GOOGLE_NODE_RUN_SCRIPTS":""},"dockerRegistry":"ARTIFACT_REGISTRY"},"versionId":"1","updateTime":"2025-12-02T14:02:17.981090304Z"}}
[debug] [2025-12-02T14:02:34.201Z] [create-default-europe-west1-onCandidatureCreated] Retrying task index 0
[debug] [2025-12-02T14:02:34.201Z] Checked if tokens are valid: true, expires at: 1764686266755
[debug] [2025-12-02T14:02:34.201Z] Checked if tokens are valid: true, expires at: 1764686266755
[debug] [2025-12-02T14:02:34.202Z] >>> [apiv2][query] GET https://cloudfunctions.googleapis.com/v1/operations/cHJvamVjdHMvaG9vcHNwaGVyZS1kZjMxNS9sb2NhdGlvbnMvZXVyb3BlLXdlc3QxL29wZXJhdGlvbnMvb3BlcmF0aW9uLTE3NjQ2ODQxMzU1MTMtNjQ0Zjg4YjA5YmUzOC03NGRlNzhkMS1hZjZkYjdjNQ [none]
[debug] [2025-12-02T14:02:34.393Z] <<< [apiv2][status] GET https://cloudfunctions.googleapis.com/v1/operations/cHJvamVjdHMvaG9vcHNwaGVyZS1kZjMxNS9sb2NhdGlvbnMvZXVyb3BlLXdlc3QxL29wZXJhdGlvbnMvb3BlcmF0aW9uLTE3NjQ2ODQxMzU1MTMtNjQ0Zjg4YjA5YmUzOC03NGRlNzhkMS1hZjZkYjdjNQ 200
[debug] [2025-12-02T14:02:34.393Z] <<< [apiv2][body] GET https://cloudfunctions.googleapis.com/v1/operations/cHJvamVjdHMvaG9vcHNwaGVyZS1kZjMxNS9sb2NhdGlvbnMvZXVyb3BlLXdlc3QxL29wZXJhdGlvbnMvb3BlcmF0aW9uLTE3NjQ2ODQxMzU1MTMtNjQ0Zjg4YjA5YmUzOC03NGRlNzhkMS1hZjZkYjdjNQ {"name":"operations/cHJvamVjdHMvaG9vcHNwaGVyZS1kZjMxNS9sb2NhdGlvbnMvZXVyb3BlLXdlc3QxL29wZXJhdGlvbnMvb3BlcmF0aW9uLTE3NjQ2ODQxMzU1MTMtNjQ0Zjg4YjA5YmUzOC03NGRlNzhkMS1hZjZkYjdjNQ","metadata":{"@type":"type.googleapis.com/google.cloud.functions.v1.OperationMetadataV1","target":"projects/hoopsphere-df315/locations/europe-west1/functions/onCandidatureCreated","type":"CREATE_FUNCTION","request":{"@type":"type.googleapis.com/google.cloud.functions.v1.CloudFunction","name":"projects/hoopsphere-df315/locations/europe-west1/functions/onCandidatureCreated","eventTrigger":{"eventType":"providers/cloud.firestore/eventTypes/document.create","resource":"projects/hoopsphere-df315/databases/(default)/documents/clubs/{clubUid}/offres/{offerId}/candidatures/{candId}","failurePolicy":{}},"entryPoint":"onCandidatureCreated","updateTime":"1970-01-01T00:00:00Z","labels":{"deployment-tool":"cli-firebase","firebase-functions-hash":"49bc06c31921a88f5875ffa74a70b9caba01ca1c"},"sourceUploadUrl":"https://storage.googleapis.com/uploads-937457936705.europe-west1.cloudfunctions.appspot.com/10cc16ed-821a-4bc5-88e1-446ea2296262.zip?GoogleAccessId=service-573890431126@gcf-admin-robot.iam.gserviceaccount.com&Expires=1764685933&Signature=FiqH3Ez4g9h4f77KlPnBvBOcC6dEseFfG%2Farbmc3prEybi291pL%2Buwq2RgEoUWggfxX9vHPOD%2FNoaA4RWFf1omYilBBHP8WuyFuinpvMQiCKrxNVKEEve%2FXPErxYQh9Kz6PrDlzvmR6H%2Fl4M8Ma8wINJhSZyPCPeuSD5eu1PTSP64tBXfcw%2FqDHSPq12Pc3LVMP9uvs3xDNugicjhb0pBBFGJI4tnNAR6FjCGsHO%2BD4Yb3hK8OnyepmgGxA8NLs7TQCaA9yE7ZJBgj3TpLzxn%2BZU6RLzPwycNqtOpyAcRlyUccgzBJob%2Bv74YjTzRXw7ZPM1LXJ3KCtWz8hJPoAhCg%3D%3D","environmentVariables":{"FIREBASE_CONFIG":"{\"projectId\":\"hoopsphere-df315\",\"storageBucket\":\"hoopsphere-df315.firebasestorage.app\"}","GCLOUD_PROJECT":"hoopsphere-df315","EVENTARC_CLOUD_EVENT_SOURCE":"projects/hoopsphere-df315/locations/europe-west1/functions/onCandidatureCreated"},"runtime":"nodejs20","buildEnvironmentVariables":{"GOOGLE_NODE_RUN_SCRIPTS":""},"dockerRegistry":"ARTIFACT_REGISTRY"},"versionId":"1","updateTime":"2025-12-02T14:02:17.981090304Z","buildId":"0c51c396-0564-4d2c-98db-847a8fa541a1","buildName":"projects/573890431126/locations/europe-west1/builds/0c51c396-0564-4d2c-98db-847a8fa541a1"}}
[debug] [2025-12-02T14:02:44.398Z] [create-default-europe-west1-onCandidatureCreated] Retrying task index 0
[debug] [2025-12-02T14:02:44.399Z] Checked if tokens are valid: true, expires at: 1764686266755
[debug] [2025-12-02T14:02:44.399Z] Checked if tokens are valid: true, expires at: 1764686266755
[debug] [2025-12-02T14:02:44.400Z] >>> [apiv2][query] GET https://cloudfunctions.googleapis.com/v1/operations/cHJvamVjdHMvaG9vcHNwaGVyZS1kZjMxNS9sb2NhdGlvbnMvZXVyb3BlLXdlc3QxL29wZXJhdGlvbnMvb3BlcmF0aW9uLTE3NjQ2ODQxMzU1MTMtNjQ0Zjg4YjA5YmUzOC03NGRlNzhkMS1hZjZkYjdjNQ [none]
[debug] [2025-12-02T14:02:44.638Z] <<< [apiv2][status] GET https://cloudfunctions.googleapis.com/v1/operations/cHJvamVjdHMvaG9vcHNwaGVyZS1kZjMxNS9sb2NhdGlvbnMvZXVyb3BlLXdlc3QxL29wZXJhdGlvbnMvb3BlcmF0aW9uLTE3NjQ2ODQxMzU1MTMtNjQ0Zjg4YjA5YmUzOC03NGRlNzhkMS1hZjZkYjdjNQ 200
[debug] [2025-12-02T14:02:44.638Z] <<< [apiv2][body] GET https://cloudfunctions.googleapis.com/v1/operations/cHJvamVjdHMvaG9vcHNwaGVyZS1kZjMxNS9sb2NhdGlvbnMvZXVyb3BlLXdlc3QxL29wZXJhdGlvbnMvb3BlcmF0aW9uLTE3NjQ2ODQxMzU1MTMtNjQ0Zjg4YjA5YmUzOC03NGRlNzhkMS1hZjZkYjdjNQ {"name":"operations/cHJvamVjdHMvaG9vcHNwaGVyZS1kZjMxNS9sb2NhdGlvbnMvZXVyb3BlLXdlc3QxL29wZXJhdGlvbnMvb3BlcmF0aW9uLTE3NjQ2ODQxMzU1MTMtNjQ0Zjg4YjA5YmUzOC03NGRlNzhkMS1hZjZkYjdjNQ","metadata":{"@type":"type.googleapis.com/google.cloud.functions.v1.OperationMetadataV1","target":"projects/hoopsphere-df315/locations/europe-west1/functions/onCandidatureCreated","type":"CREATE_FUNCTION","request":{"@type":"type.googleapis.com/google.cloud.functions.v1.CloudFunction","name":"projects/hoopsphere-df315/locations/europe-west1/functions/onCandidatureCreated","eventTrigger":{"eventType":"providers/cloud.firestore/eventTypes/document.create","resource":"projects/hoopsphere-df315/databases/(default)/documents/clubs/{clubUid}/offres/{offerId}/candidatures/{candId}","failurePolicy":{}},"entryPoint":"onCandidatureCreated","updateTime":"1970-01-01T00:00:00Z","labels":{"deployment-tool":"cli-firebase","firebase-functions-hash":"49bc06c31921a88f5875ffa74a70b9caba01ca1c"},"sourceUploadUrl":"https://storage.googleapis.com/uploads-937457936705.europe-west1.cloudfunctions.appspot.com/10cc16ed-821a-4bc5-88e1-446ea2296262.zip?GoogleAccessId=service-573890431126@gcf-admin-robot.iam.gserviceaccount.com&Expires=1764685933&Signature=FiqH3Ez4g9h4f77KlPnBvBOcC6dEseFfG%2Farbmc3prEybi291pL%2Buwq2RgEoUWggfxX9vHPOD%2FNoaA4RWFf1omYilBBHP8WuyFuinpvMQiCKrxNVKEEve%2FXPErxYQh9Kz6PrDlzvmR6H%2Fl4M8Ma8wINJhSZyPCPeuSD5eu1PTSP64tBXfcw%2FqDHSPq12Pc3LVMP9uvs3xDNugicjhb0pBBFGJI4tnNAR6FjCGsHO%2BD4Yb3hK8OnyepmgGxA8NLs7TQCaA9yE7ZJBgj3TpLzxn%2BZU6RLzPwycNqtOpyAcRlyUccgzBJob%2Bv74YjTzRXw7ZPM1LXJ3KCtWz8hJPoAhCg%3D%3D","environmentVariables":{"FIREBASE_CONFIG":"{\"projectId\":\"hoopsphere-df315\",\"storageBucket\":\"hoopsphere-df315.firebasestorage.app\"}","GCLOUD_PROJECT":"hoopsphere-df315","EVENTARC_CLOUD_EVENT_SOURCE":"projects/hoopsphere-df315/locations/europe-west1/functions/onCandidatureCreated"},"runtime":"nodejs20","buildEnvironmentVariables":{"GOOGLE_NODE_RUN_SCRIPTS":""},"dockerRegistry":"ARTIFACT_REGISTRY"},"versionId":"1","updateTime":"2025-12-02T14:02:17.981090304Z","buildId":"0c51c396-0564-4d2c-98db-847a8fa541a1","buildName":"projects/573890431126/locations/europe-west1/builds/0c51c396-0564-4d2c-98db-847a8fa541a1"}}
[debug] [2025-12-02T14:02:54.644Z] [create-default-europe-west1-onCandidatureCreated] Retrying task index 0
[debug] [2025-12-02T14:02:54.645Z] Checked if tokens are valid: true, expires at: 1764686266755
[debug] [2025-12-02T14:02:54.645Z] Checked if tokens are valid: true, expires at: 1764686266755
[debug] [2025-12-02T14:02:54.645Z] >>> [apiv2][query] GET https://cloudfunctions.googleapis.com/v1/operations/cHJvamVjdHMvaG9vcHNwaGVyZS1kZjMxNS9sb2NhdGlvbnMvZXVyb3BlLXdlc3QxL29wZXJhdGlvbnMvb3BlcmF0aW9uLTE3NjQ2ODQxMzU1MTMtNjQ0Zjg4YjA5YmUzOC03NGRlNzhkMS1hZjZkYjdjNQ [none]
[debug] [2025-12-02T14:02:54.871Z] <<< [apiv2][status] GET https://cloudfunctions.googleapis.com/v1/operations/cHJvamVjdHMvaG9vcHNwaGVyZS1kZjMxNS9sb2NhdGlvbnMvZXVyb3BlLXdlc3QxL29wZXJhdGlvbnMvb3BlcmF0aW9uLTE3NjQ2ODQxMzU1MTMtNjQ0Zjg4YjA5YmUzOC03NGRlNzhkMS1hZjZkYjdjNQ 200
[debug] [2025-12-02T14:02:54.871Z] <<< [apiv2][body] GET https://cloudfunctions.googleapis.com/v1/operations/cHJvamVjdHMvaG9vcHNwaGVyZS1kZjMxNS9sb2NhdGlvbnMvZXVyb3BlLXdlc3QxL29wZXJhdGlvbnMvb3BlcmF0aW9uLTE3NjQ2ODQxMzU1MTMtNjQ0Zjg4YjA5YmUzOC03NGRlNzhkMS1hZjZkYjdjNQ {"name":"operations/cHJvamVjdHMvaG9vcHNwaGVyZS1kZjMxNS9sb2NhdGlvbnMvZXVyb3BlLXdlc3QxL29wZXJhdGlvbnMvb3BlcmF0aW9uLTE3NjQ2ODQxMzU1MTMtNjQ0Zjg4YjA5YmUzOC03NGRlNzhkMS1hZjZkYjdjNQ","metadata":{"@type":"type.googleapis.com/google.cloud.functions.v1.OperationMetadataV1","target":"projects/hoopsphere-df315/locations/europe-west1/functions/onCandidatureCreated","type":"CREATE_FUNCTION","request":{"@type":"type.googleapis.com/google.cloud.functions.v1.CloudFunction","name":"projects/hoopsphere-df315/locations/europe-west1/functions/onCandidatureCreated","eventTrigger":{"eventType":"providers/cloud.firestore/eventTypes/document.create","resource":"projects/hoopsphere-df315/databases/(default)/documents/clubs/{clubUid}/offres/{offerId}/candidatures/{candId}","failurePolicy":{}},"entryPoint":"onCandidatureCreated","updateTime":"1970-01-01T00:00:00Z","labels":{"deployment-tool":"cli-firebase","firebase-functions-hash":"49bc06c31921a88f5875ffa74a70b9caba01ca1c"},"sourceUploadUrl":"https://storage.googleapis.com/uploads-937457936705.europe-west1.cloudfunctions.appspot.com/10cc16ed-821a-4bc5-88e1-446ea2296262.zip?GoogleAccessId=service-573890431126@gcf-admin-robot.iam.gserviceaccount.com&Expires=1764685933&Signature=FiqH3Ez4g9h4f77KlPnBvBOcC6dEseFfG%2Farbmc3prEybi291pL%2Buwq2RgEoUWggfxX9vHPOD%2FNoaA4RWFf1omYilBBHP8WuyFuinpvMQiCKrxNVKEEve%2FXPErxYQh9Kz6PrDlzvmR6H%2Fl4M8Ma8wINJhSZyPCPeuSD5eu1PTSP64tBXfcw%2FqDHSPq12Pc3LVMP9uvs3xDNugicjhb0pBBFGJI4tnNAR6FjCGsHO%2BD4Yb3hK8OnyepmgGxA8NLs7TQCaA9yE7ZJBgj3TpLzxn%2BZU6RLzPwycNqtOpyAcRlyUccgzBJob%2Bv74YjTzRXw7ZPM1LXJ3KCtWz8hJPoAhCg%3D%3D","environmentVariables":{"FIREBASE_CONFIG":"{\"projectId\":\"hoopsphere-df315\",\"storageBucket\":\"hoopsphere-df315.firebasestorage.app\"}","GCLOUD_PROJECT":"hoopsphere-df315","EVENTARC_CLOUD_EVENT_SOURCE":"projects/hoopsphere-df315/locations/europe-west1/functions/onCandidatureCreated"},"runtime":"nodejs20","buildEnvironmentVariables":{"GOOGLE_NODE_RUN_SCRIPTS":""},"dockerRegistry":"ARTIFACT_REGISTRY"},"versionId":"1","updateTime":"2025-12-02T14:02:17.981090304Z","buildId":"0c51c396-0564-4d2c-98db-847a8fa541a1","buildName":"projects/573890431126/locations/europe-west1/builds/0c51c396-0564-4d2c-98db-847a8fa541a1"}}
[debug] [2025-12-02T14:03:04.877Z] [create-default-europe-west1-onCandidatureCreated] Retrying task index 0
[debug] [2025-12-02T14:03:04.878Z] Checked if tokens are valid: true, expires at: 1764686266755
[debug] [2025-12-02T14:03:04.878Z] Checked if tokens are valid: true, expires at: 1764686266755
[debug] [2025-12-02T14:03:04.878Z] >>> [apiv2][query] GET https://cloudfunctions.googleapis.com/v1/operations/cHJvamVjdHMvaG9vcHNwaGVyZS1kZjMxNS9sb2NhdGlvbnMvZXVyb3BlLXdlc3QxL29wZXJhdGlvbnMvb3BlcmF0aW9uLTE3NjQ2ODQxMzU1MTMtNjQ0Zjg4YjA5YmUzOC03NGRlNzhkMS1hZjZkYjdjNQ [none]
[debug] [2025-12-02T14:03:05.128Z] <<< [apiv2][status] GET https://cloudfunctions.googleapis.com/v1/operations/cHJvamVjdHMvaG9vcHNwaGVyZS1kZjMxNS9sb2NhdGlvbnMvZXVyb3BlLXdlc3QxL29wZXJhdGlvbnMvb3BlcmF0aW9uLTE3NjQ2ODQxMzU1MTMtNjQ0Zjg4YjA5YmUzOC03NGRlNzhkMS1hZjZkYjdjNQ 200
[debug] [2025-12-02T14:03:05.129Z] <<< [apiv2][body] GET https://cloudfunctions.googleapis.com/v1/operations/cHJvamVjdHMvaG9vcHNwaGVyZS1kZjMxNS9sb2NhdGlvbnMvZXVyb3BlLXdlc3QxL29wZXJhdGlvbnMvb3BlcmF0aW9uLTE3NjQ2ODQxMzU1MTMtNjQ0Zjg4YjA5YmUzOC03NGRlNzhkMS1hZjZkYjdjNQ {"name":"operations/cHJvamVjdHMvaG9vcHNwaGVyZS1kZjMxNS9sb2NhdGlvbnMvZXVyb3BlLXdlc3QxL29wZXJhdGlvbnMvb3BlcmF0aW9uLTE3NjQ2ODQxMzU1MTMtNjQ0Zjg4YjA5YmUzOC03NGRlNzhkMS1hZjZkYjdjNQ","metadata":{"@type":"type.googleapis.com/google.cloud.functions.v1.OperationMetadataV1","target":"projects/hoopsphere-df315/locations/europe-west1/functions/onCandidatureCreated","type":"CREATE_FUNCTION","request":{"@type":"type.googleapis.com/google.cloud.functions.v1.CloudFunction","name":"projects/hoopsphere-df315/locations/europe-west1/functions/onCandidatureCreated","eventTrigger":{"eventType":"providers/cloud.firestore/eventTypes/document.create","resource":"projects/hoopsphere-df315/databases/(default)/documents/clubs/{clubUid}/offres/{offerId}/candidatures/{candId}","failurePolicy":{}},"entryPoint":"onCandidatureCreated","updateTime":"1970-01-01T00:00:00Z","labels":{"deployment-tool":"cli-firebase","firebase-functions-hash":"49bc06c31921a88f5875ffa74a70b9caba01ca1c"},"sourceUploadUrl":"https://storage.googleapis.com/uploads-937457936705.europe-west1.cloudfunctions.appspot.com/10cc16ed-821a-4bc5-88e1-446ea2296262.zip?GoogleAccessId=service-573890431126@gcf-admin-robot.iam.gserviceaccount.com&Expires=1764685933&Signature=FiqH3Ez4g9h4f77KlPnBvBOcC6dEseFfG%2Farbmc3prEybi291pL%2Buwq2RgEoUWggfxX9vHPOD%2FNoaA4RWFf1omYilBBHP8WuyFuinpvMQiCKrxNVKEEve%2FXPErxYQh9Kz6PrDlzvmR6H%2Fl4M8Ma8wINJhSZyPCPeuSD5eu1PTSP64tBXfcw%2FqDHSPq12Pc3LVMP9uvs3xDNugicjhb0pBBFGJI4tnNAR6FjCGsHO%2BD4Yb3hK8OnyepmgGxA8NLs7TQCaA9yE7ZJBgj3TpLzxn%2BZU6RLzPwycNqtOpyAcRlyUccgzBJob%2Bv74YjTzRXw7ZPM1LXJ3KCtWz8hJPoAhCg%3D%3D","environmentVariables":{"FIREBASE_CONFIG":"{\"projectId\":\"hoopsphere-df315\",\"storageBucket\":\"hoopsphere-df315.firebasestorage.app\"}","GCLOUD_PROJECT":"hoopsphere-df315","EVENTARC_CLOUD_EVENT_SOURCE":"projects/hoopsphere-df315/locations/europe-west1/functions/onCandidatureCreated"},"runtime":"nodejs20","buildEnvironmentVariables":{"GOOGLE_NODE_RUN_SCRIPTS":""},"dockerRegistry":"ARTIFACT_REGISTRY"},"versionId":"1","updateTime":"2025-12-02T14:02:17.981090304Z","buildId":"0c51c396-0564-4d2c-98db-847a8fa541a1","buildName":"projects/573890431126/locations/europe-west1/builds/0c51c396-0564-4d2c-98db-847a8fa541a1"}}
[debug] [2025-12-02T14:03:15.134Z] [create-default-europe-west1-onCandidatureCreated] Retrying task index 0
[debug] [2025-12-02T14:03:15.135Z] Checked if tokens are valid: true, expires at: 1764686266755
[debug] [2025-12-02T14:03:15.135Z] Checked if tokens are valid: true, expires at: 1764686266755
[debug] [2025-12-02T14:03:15.135Z] >>> [apiv2][query] GET https://cloudfunctions.googleapis.com/v1/operations/cHJvamVjdHMvaG9vcHNwaGVyZS1kZjMxNS9sb2NhdGlvbnMvZXVyb3BlLXdlc3QxL29wZXJhdGlvbnMvb3BlcmF0aW9uLTE3NjQ2ODQxMzU1MTMtNjQ0Zjg4YjA5YmUzOC03NGRlNzhkMS1hZjZkYjdjNQ [none]
[debug] [2025-12-02T14:03:15.250Z] <<< [apiv2][status] GET https://cloudfunctions.googleapis.com/v1/operations/cHJvamVjdHMvaG9vcHNwaGVyZS1kZjMxNS9sb2NhdGlvbnMvZXVyb3BlLXdlc3QxL29wZXJhdGlvbnMvb3BlcmF0aW9uLTE3NjQ2ODQxMzU1MTMtNjQ0Zjg4YjA5YmUzOC03NGRlNzhkMS1hZjZkYjdjNQ 200
[debug] [2025-12-02T14:03:15.250Z] <<< [apiv2][body] GET https://cloudfunctions.googleapis.com/v1/operations/cHJvamVjdHMvaG9vcHNwaGVyZS1kZjMxNS9sb2NhdGlvbnMvZXVyb3BlLXdlc3QxL29wZXJhdGlvbnMvb3BlcmF0aW9uLTE3NjQ2ODQxMzU1MTMtNjQ0Zjg4YjA5YmUzOC03NGRlNzhkMS1hZjZkYjdjNQ {"name":"operations/cHJvamVjdHMvaG9vcHNwaGVyZS1kZjMxNS9sb2NhdGlvbnMvZXVyb3BlLXdlc3QxL29wZXJhdGlvbnMvb3BlcmF0aW9uLTE3NjQ2ODQxMzU1MTMtNjQ0Zjg4YjA5YmUzOC03NGRlNzhkMS1hZjZkYjdjNQ","metadata":{"@type":"type.googleapis.com/google.cloud.functions.v1.OperationMetadataV1","target":"projects/hoopsphere-df315/locations/europe-west1/functions/onCandidatureCreated","type":"CREATE_FUNCTION","request":{"@type":"type.googleapis.com/google.cloud.functions.v1.CloudFunction","name":"projects/hoopsphere-df315/locations/europe-west1/functions/onCandidatureCreated","eventTrigger":{"eventType":"providers/cloud.firestore/eventTypes/document.create","resource":"projects/hoopsphere-df315/databases/(default)/documents/clubs/{clubUid}/offres/{offerId}/candidatures/{candId}","failurePolicy":{}},"entryPoint":"onCandidatureCreated","updateTime":"1970-01-01T00:00:00Z","labels":{"deployment-tool":"cli-firebase","firebase-functions-hash":"49bc06c31921a88f5875ffa74a70b9caba01ca1c"},"sourceUploadUrl":"https://storage.googleapis.com/uploads-937457936705.europe-west1.cloudfunctions.appspot.com/10cc16ed-821a-4bc5-88e1-446ea2296262.zip?GoogleAccessId=service-573890431126@gcf-admin-robot.iam.gserviceaccount.com&Expires=1764685933&Signature=FiqH3Ez4g9h4f77KlPnBvBOcC6dEseFfG%2Farbmc3prEybi291pL%2Buwq2RgEoUWggfxX9vHPOD%2FNoaA4RWFf1omYilBBHP8WuyFuinpvMQiCKrxNVKEEve%2FXPErxYQh9Kz6PrDlzvmR6H%2Fl4M8Ma8wINJhSZyPCPeuSD5eu1PTSP64tBXfcw%2FqDHSPq12Pc3LVMP9uvs3xDNugicjhb0pBBFGJI4tnNAR6FjCGsHO%2BD4Yb3hK8OnyepmgGxA8NLs7TQCaA9yE7ZJBgj3TpLzxn%2BZU6RLzPwycNqtOpyAcRlyUccgzBJob%2Bv74YjTzRXw7ZPM1LXJ3KCtWz8hJPoAhCg%3D%3D","environmentVariables":{"FIREBASE_CONFIG":"{\"projectId\":\"hoopsphere-df315\",\"storageBucket\":\"hoopsphere-df315.firebasestorage.app\"}","GCLOUD_PROJECT":"hoopsphere-df315","EVENTARC_CLOUD_EVENT_SOURCE":"projects/hoopsphere-df315/locations/europe-west1/functions/onCandidatureCreated"},"runtime":"nodejs20","buildEnvironmentVariables":{"GOOGLE_NODE_RUN_SCRIPTS":""},"dockerRegistry":"ARTIFACT_REGISTRY"},"versionId":"1","updateTime":"2025-12-02T14:02:17.981090304Z","buildId":"0c51c396-0564-4d2c-98db-847a8fa541a1","buildName":"projects/573890431126/locations/europe-west1/builds/0c51c396-0564-4d2c-98db-847a8fa541a1"}}
[debug] [2025-12-02T14:03:25.256Z] [create-default-europe-west1-onCandidatureCreated] Retrying task index 0
[debug] [2025-12-02T14:03:25.257Z] Checked if tokens are valid: true, expires at: 1764686266755
[debug] [2025-12-02T14:03:25.257Z] Checked if tokens are valid: true, expires at: 1764686266755
[debug] [2025-12-02T14:03:25.257Z] >>> [apiv2][query] GET https://cloudfunctions.googleapis.com/v1/operations/cHJvamVjdHMvaG9vcHNwaGVyZS1kZjMxNS9sb2NhdGlvbnMvZXVyb3BlLXdlc3QxL29wZXJhdGlvbnMvb3BlcmF0aW9uLTE3NjQ2ODQxMzU1MTMtNjQ0Zjg4YjA5YmUzOC03NGRlNzhkMS1hZjZkYjdjNQ [none]
[debug] [2025-12-02T14:03:25.491Z] <<< [apiv2][status] GET https://cloudfunctions.googleapis.com/v1/operations/cHJvamVjdHMvaG9vcHNwaGVyZS1kZjMxNS9sb2NhdGlvbnMvZXVyb3BlLXdlc3QxL29wZXJhdGlvbnMvb3BlcmF0aW9uLTE3NjQ2ODQxMzU1MTMtNjQ0Zjg4YjA5YmUzOC03NGRlNzhkMS1hZjZkYjdjNQ 200
[debug] [2025-12-02T14:03:25.491Z] <<< [apiv2][body] GET https://cloudfunctions.googleapis.com/v1/operations/cHJvamVjdHMvaG9vcHNwaGVyZS1kZjMxNS9sb2NhdGlvbnMvZXVyb3BlLXdlc3QxL29wZXJhdGlvbnMvb3BlcmF0aW9uLTE3NjQ2ODQxMzU1MTMtNjQ0Zjg4YjA5YmUzOC03NGRlNzhkMS1hZjZkYjdjNQ {"name":"operations/cHJvamVjdHMvaG9vcHNwaGVyZS1kZjMxNS9sb2NhdGlvbnMvZXVyb3BlLXdlc3QxL29wZXJhdGlvbnMvb3BlcmF0aW9uLTE3NjQ2ODQxMzU1MTMtNjQ0Zjg4YjA5YmUzOC03NGRlNzhkMS1hZjZkYjdjNQ","metadata":{"@type":"type.googleapis.com/google.cloud.functions.v1.OperationMetadataV1","target":"projects/hoopsphere-df315/locations/europe-west1/functions/onCandidatureCreated","type":"CREATE_FUNCTION","request":{"@type":"type.googleapis.com/google.cloud.functions.v1.CloudFunction","name":"projects/hoopsphere-df315/locations/europe-west1/functions/onCandidatureCreated","eventTrigger":{"eventType":"providers/cloud.firestore/eventTypes/document.create","resource":"projects/hoopsphere-df315/databases/(default)/documents/clubs/{clubUid}/offres/{offerId}/candidatures/{candId}","failurePolicy":{}},"entryPoint":"onCandidatureCreated","updateTime":"1970-01-01T00:00:00Z","labels":{"deployment-tool":"cli-firebase","firebase-functions-hash":"49bc06c31921a88f5875ffa74a70b9caba01ca1c"},"sourceUploadUrl":"https://storage.googleapis.com/uploads-937457936705.europe-west1.cloudfunctions.appspot.com/10cc16ed-821a-4bc5-88e1-446ea2296262.zip?GoogleAccessId=service-573890431126@gcf-admin-robot.iam.gserviceaccount.com&Expires=1764685933&Signature=FiqH3Ez4g9h4f77KlPnBvBOcC6dEseFfG%2Farbmc3prEybi291pL%2Buwq2RgEoUWggfxX9vHPOD%2FNoaA4RWFf1omYilBBHP8WuyFuinpvMQiCKrxNVKEEve%2FXPErxYQh9Kz6PrDlzvmR6H%2Fl4M8Ma8wINJhSZyPCPeuSD5eu1PTSP64tBXfcw%2FqDHSPq12Pc3LVMP9uvs3xDNugicjhb0pBBFGJI4tnNAR6FjCGsHO%2BD4Yb3hK8OnyepmgGxA8NLs7TQCaA9yE7ZJBgj3TpLzxn%2BZU6RLzPwycNqtOpyAcRlyUccgzBJob%2Bv74YjTzRXw7ZPM1LXJ3KCtWz8hJPoAhCg%3D%3D","environmentVariables":{"FIREBASE_CONFIG":"{\"projectId\":\"hoopsphere-df315\",\"storageBucket\":\"hoopsphere-df315.firebasestorage.app\"}","GCLOUD_PROJECT":"hoopsphere-df315","EVENTARC_CLOUD_EVENT_SOURCE":"projects/hoopsphere-df315/locations/europe-west1/functions/onCandidatureCreated"},"runtime":"nodejs20","buildEnvironmentVariables":{"GOOGLE_NODE_RUN_SCRIPTS":""},"dockerRegistry":"ARTIFACT_REGISTRY"},"versionId":"1","updateTime":"2025-12-02T14:02:17.981090304Z","buildId":"0c51c396-0564-4d2c-98db-847a8fa541a1","buildName":"projects/573890431126/locations/europe-west1/builds/0c51c396-0564-4d2c-98db-847a8fa541a1"}}
[debug] [2025-12-02T14:03:35.497Z] [create-default-europe-west1-onCandidatureCreated] Retrying task index 0
[debug] [2025-12-02T14:03:35.497Z] Checked if tokens are valid: true, expires at: 1764686266755
[debug] [2025-12-02T14:03:35.497Z] Checked if tokens are valid: true, expires at: 1764686266755
[debug] [2025-12-02T14:03:35.498Z] >>> [apiv2][query] GET https://cloudfunctions.googleapis.com/v1/operations/cHJvamVjdHMvaG9vcHNwaGVyZS1kZjMxNS9sb2NhdGlvbnMvZXVyb3BlLXdlc3QxL29wZXJhdGlvbnMvb3BlcmF0aW9uLTE3NjQ2ODQxMzU1MTMtNjQ0Zjg4YjA5YmUzOC03NGRlNzhkMS1hZjZkYjdjNQ [none]
[debug] [2025-12-02T14:03:35.680Z] <<< [apiv2][status] GET https://cloudfunctions.googleapis.com/v1/operations/cHJvamVjdHMvaG9vcHNwaGVyZS1kZjMxNS9sb2NhdGlvbnMvZXVyb3BlLXdlc3QxL29wZXJhdGlvbnMvb3BlcmF0aW9uLTE3NjQ2ODQxMzU1MTMtNjQ0Zjg4YjA5YmUzOC03NGRlNzhkMS1hZjZkYjdjNQ 200
[debug] [2025-12-02T14:03:35.680Z] <<< [apiv2][body] GET https://cloudfunctions.googleapis.com/v1/operations/cHJvamVjdHMvaG9vcHNwaGVyZS1kZjMxNS9sb2NhdGlvbnMvZXVyb3BlLXdlc3QxL29wZXJhdGlvbnMvb3BlcmF0aW9uLTE3NjQ2ODQxMzU1MTMtNjQ0Zjg4YjA5YmUzOC03NGRlNzhkMS1hZjZkYjdjNQ {"name":"operations/cHJvamVjdHMvaG9vcHNwaGVyZS1kZjMxNS9sb2NhdGlvbnMvZXVyb3BlLXdlc3QxL29wZXJhdGlvbnMvb3BlcmF0aW9uLTE3NjQ2ODQxMzU1MTMtNjQ0Zjg4YjA5YmUzOC03NGRlNzhkMS1hZjZkYjdjNQ","metadata":{"@type":"type.googleapis.com/google.cloud.functions.v1.OperationMetadataV1","target":"projects/hoopsphere-df315/locations/europe-west1/functions/onCandidatureCreated","type":"CREATE_FUNCTION","request":{"@type":"type.googleapis.com/google.cloud.functions.v1.CloudFunction","name":"projects/hoopsphere-df315/locations/europe-west1/functions/onCandidatureCreated","eventTrigger":{"eventType":"providers/cloud.firestore/eventTypes/document.create","resource":"projects/hoopsphere-df315/databases/(default)/documents/clubs/{clubUid}/offres/{offerId}/candidatures/{candId}","failurePolicy":{}},"entryPoint":"onCandidatureCreated","updateTime":"1970-01-01T00:00:00Z","labels":{"deployment-tool":"cli-firebase","firebase-functions-hash":"49bc06c31921a88f5875ffa74a70b9caba01ca1c"},"sourceUploadUrl":"https://storage.googleapis.com/uploads-937457936705.europe-west1.cloudfunctions.appspot.com/10cc16ed-821a-4bc5-88e1-446ea2296262.zip?GoogleAccessId=service-573890431126@gcf-admin-robot.iam.gserviceaccount.com&Expires=1764685933&Signature=FiqH3Ez4g9h4f77KlPnBvBOcC6dEseFfG%2Farbmc3prEybi291pL%2Buwq2RgEoUWggfxX9vHPOD%2FNoaA4RWFf1omYilBBHP8WuyFuinpvMQiCKrxNVKEEve%2FXPErxYQh9Kz6PrDlzvmR6H%2Fl4M8Ma8wINJhSZyPCPeuSD5eu1PTSP64tBXfcw%2FqDHSPq12Pc3LVMP9uvs3xDNugicjhb0pBBFGJI4tnNAR6FjCGsHO%2BD4Yb3hK8OnyepmgGxA8NLs7TQCaA9yE7ZJBgj3TpLzxn%2BZU6RLzPwycNqtOpyAcRlyUccgzBJob%2Bv74YjTzRXw7ZPM1LXJ3KCtWz8hJPoAhCg%3D%3D","environmentVariables":{"FIREBASE_CONFIG":"{\"projectId\":\"hoopsphere-df315\",\"storageBucket\":\"hoopsphere-df315.firebasestorage.app\"}","GCLOUD_PROJECT":"hoopsphere-df315","EVENTARC_CLOUD_EVENT_SOURCE":"projects/hoopsphere-df315/locations/europe-west1/functions/onCandidatureCreated"},"runtime":"nodejs20","buildEnvironmentVariables":{"GOOGLE_NODE_RUN_SCRIPTS":""},"dockerRegistry":"ARTIFACT_REGISTRY"},"versionId":"1","updateTime":"2025-12-02T14:02:17.981090304Z","buildId":"0c51c396-0564-4d2c-98db-847a8fa541a1","buildName":"projects/573890431126/locations/europe-west1/builds/0c51c396-0564-4d2c-98db-847a8fa541a1"}}
[debug] [2025-12-02T14:03:45.682Z] [create-default-europe-west1-onCandidatureCreated] Retrying task index 0
[debug] [2025-12-02T14:03:45.682Z] Checked if tokens are valid: true, expires at: 1764686266755
[debug] [2025-12-02T14:03:45.682Z] Checked if tokens are valid: true, expires at: 1764686266755
[debug] [2025-12-02T14:03:45.683Z] >>> [apiv2][query] GET https://cloudfunctions.googleapis.com/v1/operations/cHJvamVjdHMvaG9vcHNwaGVyZS1kZjMxNS9sb2NhdGlvbnMvZXVyb3BlLXdlc3QxL29wZXJhdGlvbnMvb3BlcmF0aW9uLTE3NjQ2ODQxMzU1MTMtNjQ0Zjg4YjA5YmUzOC03NGRlNzhkMS1hZjZkYjdjNQ [none]
[debug] [2025-12-02T14:03:45.791Z] <<< [apiv2][status] GET https://cloudfunctions.googleapis.com/v1/operations/cHJvamVjdHMvaG9vcHNwaGVyZS1kZjMxNS9sb2NhdGlvbnMvZXVyb3BlLXdlc3QxL29wZXJhdGlvbnMvb3BlcmF0aW9uLTE3NjQ2ODQxMzU1MTMtNjQ0Zjg4YjA5YmUzOC03NGRlNzhkMS1hZjZkYjdjNQ 200
[debug] [2025-12-02T14:03:45.791Z] <<< [apiv2][body] GET https://cloudfunctions.googleapis.com/v1/operations/cHJvamVjdHMvaG9vcHNwaGVyZS1kZjMxNS9sb2NhdGlvbnMvZXVyb3BlLXdlc3QxL29wZXJhdGlvbnMvb3BlcmF0aW9uLTE3NjQ2ODQxMzU1MTMtNjQ0Zjg4YjA5YmUzOC03NGRlNzhkMS1hZjZkYjdjNQ {"name":"operations/cHJvamVjdHMvaG9vcHNwaGVyZS1kZjMxNS9sb2NhdGlvbnMvZXVyb3BlLXdlc3QxL29wZXJhdGlvbnMvb3BlcmF0aW9uLTE3NjQ2ODQxMzU1MTMtNjQ0Zjg4YjA5YmUzOC03NGRlNzhkMS1hZjZkYjdjNQ","metadata":{"@type":"type.googleapis.com/google.cloud.functions.v1.OperationMetadataV1","target":"projects/hoopsphere-df315/locations/europe-west1/functions/onCandidatureCreated","type":"CREATE_FUNCTION","request":{"@type":"type.googleapis.com/google.cloud.functions.v1.CloudFunction","name":"projects/hoopsphere-df315/locations/europe-west1/functions/onCandidatureCreated","eventTrigger":{"eventType":"providers/cloud.firestore/eventTypes/document.create","resource":"projects/hoopsphere-df315/databases/(default)/documents/clubs/{clubUid}/offres/{offerId}/candidatures/{candId}","failurePolicy":{}},"entryPoint":"onCandidatureCreated","updateTime":"1970-01-01T00:00:00Z","labels":{"deployment-tool":"cli-firebase","firebase-functions-hash":"49bc06c31921a88f5875ffa74a70b9caba01ca1c"},"sourceUploadUrl":"https://storage.googleapis.com/uploads-937457936705.europe-west1.cloudfunctions.appspot.com/10cc16ed-821a-4bc5-88e1-446ea2296262.zip?GoogleAccessId=service-573890431126@gcf-admin-robot.iam.gserviceaccount.com&Expires=1764685933&Signature=FiqH3Ez4g9h4f77KlPnBvBOcC6dEseFfG%2Farbmc3prEybi291pL%2Buwq2RgEoUWggfxX9vHPOD%2FNoaA4RWFf1omYilBBHP8WuyFuinpvMQiCKrxNVKEEve%2FXPErxYQh9Kz6PrDlzvmR6H%2Fl4M8Ma8wINJhSZyPCPeuSD5eu1PTSP64tBXfcw%2FqDHSPq12Pc3LVMP9uvs3xDNugicjhb0pBBFGJI4tnNAR6FjCGsHO%2BD4Yb3hK8OnyepmgGxA8NLs7TQCaA9yE7ZJBgj3TpLzxn%2BZU6RLzPwycNqtOpyAcRlyUccgzBJob%2Bv74YjTzRXw7ZPM1LXJ3KCtWz8hJPoAhCg%3D%3D","environmentVariables":{"FIREBASE_CONFIG":"{\"projectId\":\"hoopsphere-df315\",\"storageBucket\":\"hoopsphere-df315.firebasestorage.app\"}","GCLOUD_PROJECT":"hoopsphere-df315","EVENTARC_CLOUD_EVENT_SOURCE":"projects/hoopsphere-df315/locations/europe-west1/functions/onCandidatureCreated"},"runtime":"nodejs20","buildEnvironmentVariables":{"GOOGLE_NODE_RUN_SCRIPTS":""},"dockerRegistry":"ARTIFACT_REGISTRY"},"versionId":"1","updateTime":"2025-12-02T14:02:17.981090304Z","buildId":"0c51c396-0564-4d2c-98db-847a8fa541a1","sourceToken":"fc218bc5-39d0-4461-871a-c7a2146c5458","buildName":"projects/573890431126/locations/europe-west1/builds/0c51c396-0564-4d2c-98db-847a8fa541a1"}}
[debug] [2025-12-02T14:03:45.791Z] Got source token fc218bc5-39d0-4461-871a-c7a2146c5458 for region europe-west1
[debug] [2025-12-02T14:03:55.797Z] [create-default-europe-west1-onCandidatureCreated] Retrying task index 0
[debug] [2025-12-02T14:03:55.797Z] Checked if tokens are valid: true, expires at: 1764686266755
[debug] [2025-12-02T14:03:55.797Z] Checked if tokens are valid: true, expires at: 1764686266755
[debug] [2025-12-02T14:03:55.797Z] >>> [apiv2][query] GET https://cloudfunctions.googleapis.com/v1/operations/cHJvamVjdHMvaG9vcHNwaGVyZS1kZjMxNS9sb2NhdGlvbnMvZXVyb3BlLXdlc3QxL29wZXJhdGlvbnMvb3BlcmF0aW9uLTE3NjQ2ODQxMzU1MTMtNjQ0Zjg4YjA5YmUzOC03NGRlNzhkMS1hZjZkYjdjNQ [none]
[debug] [2025-12-02T14:03:55.908Z] <<< [apiv2][status] GET https://cloudfunctions.googleapis.com/v1/operations/cHJvamVjdHMvaG9vcHNwaGVyZS1kZjMxNS9sb2NhdGlvbnMvZXVyb3BlLXdlc3QxL29wZXJhdGlvbnMvb3BlcmF0aW9uLTE3NjQ2ODQxMzU1MTMtNjQ0Zjg4YjA5YmUzOC03NGRlNzhkMS1hZjZkYjdjNQ 200
[debug] [2025-12-02T14:03:55.908Z] <<< [apiv2][body] GET https://cloudfunctions.googleapis.com/v1/operations/cHJvamVjdHMvaG9vcHNwaGVyZS1kZjMxNS9sb2NhdGlvbnMvZXVyb3BlLXdlc3QxL29wZXJhdGlvbnMvb3BlcmF0aW9uLTE3NjQ2ODQxMzU1MTMtNjQ0Zjg4YjA5YmUzOC03NGRlNzhkMS1hZjZkYjdjNQ {"name":"operations/cHJvamVjdHMvaG9vcHNwaGVyZS1kZjMxNS9sb2NhdGlvbnMvZXVyb3BlLXdlc3QxL29wZXJhdGlvbnMvb3BlcmF0aW9uLTE3NjQ2ODQxMzU1MTMtNjQ0Zjg4YjA5YmUzOC03NGRlNzhkMS1hZjZkYjdjNQ","metadata":{"@type":"type.googleapis.com/google.cloud.functions.v1.OperationMetadataV1","target":"projects/hoopsphere-df315/locations/europe-west1/functions/onCandidatureCreated","type":"CREATE_FUNCTION","request":{"@type":"type.googleapis.com/google.cloud.functions.v1.CloudFunction","name":"projects/hoopsphere-df315/locations/europe-west1/functions/onCandidatureCreated","eventTrigger":{"eventType":"providers/cloud.firestore/eventTypes/document.create","resource":"projects/hoopsphere-df315/databases/(default)/documents/clubs/{clubUid}/offres/{offerId}/candidatures/{candId}","failurePolicy":{}},"entryPoint":"onCandidatureCreated","updateTime":"1970-01-01T00:00:00Z","labels":{"deployment-tool":"cli-firebase","firebase-functions-hash":"49bc06c31921a88f5875ffa74a70b9caba01ca1c"},"sourceUploadUrl":"https://storage.googleapis.com/uploads-937457936705.europe-west1.cloudfunctions.appspot.com/10cc16ed-821a-4bc5-88e1-446ea2296262.zip?GoogleAccessId=service-573890431126@gcf-admin-robot.iam.gserviceaccount.com&Expires=1764685933&Signature=FiqH3Ez4g9h4f77KlPnBvBOcC6dEseFfG%2Farbmc3prEybi291pL%2Buwq2RgEoUWggfxX9vHPOD%2FNoaA4RWFf1omYilBBHP8WuyFuinpvMQiCKrxNVKEEve%2FXPErxYQh9Kz6PrDlzvmR6H%2Fl4M8Ma8wINJhSZyPCPeuSD5eu1PTSP64tBXfcw%2FqDHSPq12Pc3LVMP9uvs3xDNugicjhb0pBBFGJI4tnNAR6FjCGsHO%2BD4Yb3hK8OnyepmgGxA8NLs7TQCaA9yE7ZJBgj3TpLzxn%2BZU6RLzPwycNqtOpyAcRlyUccgzBJob%2Bv74YjTzRXw7ZPM1LXJ3KCtWz8hJPoAhCg%3D%3D","environmentVariables":{"FIREBASE_CONFIG":"{\"projectId\":\"hoopsphere-df315\",\"storageBucket\":\"hoopsphere-df315.firebasestorage.app\"}","GCLOUD_PROJECT":"hoopsphere-df315","EVENTARC_CLOUD_EVENT_SOURCE":"projects/hoopsphere-df315/locations/europe-west1/functions/onCandidatureCreated"},"runtime":"nodejs20","buildEnvironmentVariables":{"GOOGLE_NODE_RUN_SCRIPTS":""},"dockerRegistry":"ARTIFACT_REGISTRY"},"versionId":"1","updateTime":"2025-12-02T14:02:17.981090304Z","buildId":"0c51c396-0564-4d2c-98db-847a8fa541a1","sourceToken":"fc218bc5-39d0-4461-871a-c7a2146c5458","buildName":"projects/573890431126/locations/europe-west1/builds/0c51c396-0564-4d2c-98db-847a8fa541a1"}}
[debug] [2025-12-02T14:03:55.908Z] Got source token fc218bc5-39d0-4461-871a-c7a2146c5458 for region europe-west1
[debug] [2025-12-02T14:04:05.913Z] [create-default-europe-west1-onCandidatureCreated] Retrying task index 0
[debug] [2025-12-02T14:04:05.913Z] Checked if tokens are valid: true, expires at: 1764686266755
[debug] [2025-12-02T14:04:05.914Z] Checked if tokens are valid: true, expires at: 1764686266755
[debug] [2025-12-02T14:04:05.914Z] >>> [apiv2][query] GET https://cloudfunctions.googleapis.com/v1/operations/cHJvamVjdHMvaG9vcHNwaGVyZS1kZjMxNS9sb2NhdGlvbnMvZXVyb3BlLXdlc3QxL29wZXJhdGlvbnMvb3BlcmF0aW9uLTE3NjQ2ODQxMzU1MTMtNjQ0Zjg4YjA5YmUzOC03NGRlNzhkMS1hZjZkYjdjNQ [none]
[debug] [2025-12-02T14:04:06.146Z] <<< [apiv2][status] GET https://cloudfunctions.googleapis.com/v1/operations/cHJvamVjdHMvaG9vcHNwaGVyZS1kZjMxNS9sb2NhdGlvbnMvZXVyb3BlLXdlc3QxL29wZXJhdGlvbnMvb3BlcmF0aW9uLTE3NjQ2ODQxMzU1MTMtNjQ0Zjg4YjA5YmUzOC03NGRlNzhkMS1hZjZkYjdjNQ 200
[debug] [2025-12-02T14:04:06.146Z] <<< [apiv2][body] GET https://cloudfunctions.googleapis.com/v1/operations/cHJvamVjdHMvaG9vcHNwaGVyZS1kZjMxNS9sb2NhdGlvbnMvZXVyb3BlLXdlc3QxL29wZXJhdGlvbnMvb3BlcmF0aW9uLTE3NjQ2ODQxMzU1MTMtNjQ0Zjg4YjA5YmUzOC03NGRlNzhkMS1hZjZkYjdjNQ {"name":"operations/cHJvamVjdHMvaG9vcHNwaGVyZS1kZjMxNS9sb2NhdGlvbnMvZXVyb3BlLXdlc3QxL29wZXJhdGlvbnMvb3BlcmF0aW9uLTE3NjQ2ODQxMzU1MTMtNjQ0Zjg4YjA5YmUzOC03NGRlNzhkMS1hZjZkYjdjNQ","metadata":{"@type":"type.googleapis.com/google.cloud.functions.v1.OperationMetadataV1","target":"projects/hoopsphere-df315/locations/europe-west1/functions/onCandidatureCreated","type":"CREATE_FUNCTION","request":{"@type":"type.googleapis.com/google.cloud.functions.v1.CloudFunction","name":"projects/hoopsphere-df315/locations/europe-west1/functions/onCandidatureCreated","eventTrigger":{"eventType":"providers/cloud.firestore/eventTypes/document.create","resource":"projects/hoopsphere-df315/databases/(default)/documents/clubs/{clubUid}/offres/{offerId}/candidatures/{candId}","failurePolicy":{}},"entryPoint":"onCandidatureCreated","updateTime":"1970-01-01T00:00:00Z","labels":{"deployment-tool":"cli-firebase","firebase-functions-hash":"49bc06c31921a88f5875ffa74a70b9caba01ca1c"},"sourceUploadUrl":"https://storage.googleapis.com/uploads-937457936705.europe-west1.cloudfunctions.appspot.com/10cc16ed-821a-4bc5-88e1-446ea2296262.zip?GoogleAccessId=service-573890431126@gcf-admin-robot.iam.gserviceaccount.com&Expires=1764685933&Signature=FiqH3Ez4g9h4f77KlPnBvBOcC6dEseFfG%2Farbmc3prEybi291pL%2Buwq2RgEoUWggfxX9vHPOD%2FNoaA4RWFf1omYilBBHP8WuyFuinpvMQiCKrxNVKEEve%2FXPErxYQh9Kz6PrDlzvmR6H%2Fl4M8Ma8wINJhSZyPCPeuSD5eu1PTSP64tBXfcw%2FqDHSPq12Pc3LVMP9uvs3xDNugicjhb0pBBFGJI4tnNAR6FjCGsHO%2BD4Yb3hK8OnyepmgGxA8NLs7TQCaA9yE7ZJBgj3TpLzxn%2BZU6RLzPwycNqtOpyAcRlyUccgzBJob%2Bv74YjTzRXw7ZPM1LXJ3KCtWz8hJPoAhCg%3D%3D","environmentVariables":{"FIREBASE_CONFIG":"{\"projectId\":\"hoopsphere-df315\",\"storageBucket\":\"hoopsphere-df315.firebasestorage.app\"}","GCLOUD_PROJECT":"hoopsphere-df315","EVENTARC_CLOUD_EVENT_SOURCE":"projects/hoopsphere-df315/locations/europe-west1/functions/onCandidatureCreated"},"runtime":"nodejs20","buildEnvironmentVariables":{"GOOGLE_NODE_RUN_SCRIPTS":""},"dockerRegistry":"ARTIFACT_REGISTRY"},"versionId":"1","updateTime":"2025-12-02T14:02:17.981090304Z","buildId":"0c51c396-0564-4d2c-98db-847a8fa541a1","sourceToken":"fc218bc5-39d0-4461-871a-c7a2146c5458","buildName":"projects/573890431126/locations/europe-west1/builds/0c51c396-0564-4d2c-98db-847a8fa541a1"}}
[debug] [2025-12-02T14:04:06.146Z] Got source token fc218bc5-39d0-4461-871a-c7a2146c5458 for region europe-west1
[debug] [2025-12-02T14:04:16.151Z] [create-default-europe-west1-onCandidatureCreated] Retrying task index 0
[debug] [2025-12-02T14:04:16.151Z] Checked if tokens are valid: true, expires at: 1764686266755
[debug] [2025-12-02T14:04:16.152Z] Checked if tokens are valid: true, expires at: 1764686266755
[debug] [2025-12-02T14:04:16.152Z] >>> [apiv2][query] GET https://cloudfunctions.googleapis.com/v1/operations/cHJvamVjdHMvaG9vcHNwaGVyZS1kZjMxNS9sb2NhdGlvbnMvZXVyb3BlLXdlc3QxL29wZXJhdGlvbnMvb3BlcmF0aW9uLTE3NjQ2ODQxMzU1MTMtNjQ0Zjg4YjA5YmUzOC03NGRlNzhkMS1hZjZkYjdjNQ [none]
[debug] [2025-12-02T14:04:16.387Z] <<< [apiv2][status] GET https://cloudfunctions.googleapis.com/v1/operations/cHJvamVjdHMvaG9vcHNwaGVyZS1kZjMxNS9sb2NhdGlvbnMvZXVyb3BlLXdlc3QxL29wZXJhdGlvbnMvb3BlcmF0aW9uLTE3NjQ2ODQxMzU1MTMtNjQ0Zjg4YjA5YmUzOC03NGRlNzhkMS1hZjZkYjdjNQ 200
[debug] [2025-12-02T14:04:16.387Z] <<< [apiv2][body] GET https://cloudfunctions.googleapis.com/v1/operations/cHJvamVjdHMvaG9vcHNwaGVyZS1kZjMxNS9sb2NhdGlvbnMvZXVyb3BlLXdlc3QxL29wZXJhdGlvbnMvb3BlcmF0aW9uLTE3NjQ2ODQxMzU1MTMtNjQ0Zjg4YjA5YmUzOC03NGRlNzhkMS1hZjZkYjdjNQ {"name":"operations/cHJvamVjdHMvaG9vcHNwaGVyZS1kZjMxNS9sb2NhdGlvbnMvZXVyb3BlLXdlc3QxL29wZXJhdGlvbnMvb3BlcmF0aW9uLTE3NjQ2ODQxMzU1MTMtNjQ0Zjg4YjA5YmUzOC03NGRlNzhkMS1hZjZkYjdjNQ","metadata":{"@type":"type.googleapis.com/google.cloud.functions.v1.OperationMetadataV1","target":"projects/hoopsphere-df315/locations/europe-west1/functions/onCandidatureCreated","type":"CREATE_FUNCTION","request":{"@type":"type.googleapis.com/google.cloud.functions.v1.CloudFunction","name":"projects/hoopsphere-df315/locations/europe-west1/functions/onCandidatureCreated","eventTrigger":{"eventType":"providers/cloud.firestore/eventTypes/document.create","resource":"projects/hoopsphere-df315/databases/(default)/documents/clubs/{clubUid}/offres/{offerId}/candidatures/{candId}","failurePolicy":{}},"entryPoint":"onCandidatureCreated","updateTime":"1970-01-01T00:00:00Z","labels":{"deployment-tool":"cli-firebase","firebase-functions-hash":"49bc06c31921a88f5875ffa74a70b9caba01ca1c"},"sourceUploadUrl":"https://storage.googleapis.com/uploads-937457936705.europe-west1.cloudfunctions.appspot.com/10cc16ed-821a-4bc5-88e1-446ea2296262.zip?GoogleAccessId=service-573890431126@gcf-admin-robot.iam.gserviceaccount.com&Expires=1764685933&Signature=FiqH3Ez4g9h4f77KlPnBvBOcC6dEseFfG%2Farbmc3prEybi291pL%2Buwq2RgEoUWggfxX9vHPOD%2FNoaA4RWFf1omYilBBHP8WuyFuinpvMQiCKrxNVKEEve%2FXPErxYQh9Kz6PrDlzvmR6H%2Fl4M8Ma8wINJhSZyPCPeuSD5eu1PTSP64tBXfcw%2FqDHSPq12Pc3LVMP9uvs3xDNugicjhb0pBBFGJI4tnNAR6FjCGsHO%2BD4Yb3hK8OnyepmgGxA8NLs7TQCaA9yE7ZJBgj3TpLzxn%2BZU6RLzPwycNqtOpyAcRlyUccgzBJob%2Bv74YjTzRXw7ZPM1LXJ3KCtWz8hJPoAhCg%3D%3D","environmentVariables":{"FIREBASE_CONFIG":"{\"projectId\":\"hoopsphere-df315\",\"storageBucket\":\"hoopsphere-df315.firebasestorage.app\"}","GCLOUD_PROJECT":"hoopsphere-df315","EVENTARC_CLOUD_EVENT_SOURCE":"projects/hoopsphere-df315/locations/europe-west1/functions/onCandidatureCreated"},"runtime":"nodejs20","buildEnvironmentVariables":{"GOOGLE_NODE_RUN_SCRIPTS":""},"dockerRegistry":"ARTIFACT_REGISTRY"},"versionId":"1","updateTime":"2025-12-02T14:02:17.981090304Z","buildId":"0c51c396-0564-4d2c-98db-847a8fa541a1","sourceToken":"fc218bc5-39d0-4461-871a-c7a2146c5458","buildName":"projects/573890431126/locations/europe-west1/builds/0c51c396-0564-4d2c-98db-847a8fa541a1"}}
[debug] [2025-12-02T14:04:16.387Z] Got source token fc218bc5-39d0-4461-871a-c7a2146c5458 for region europe-west1
[debug] [2025-12-02T14:04:26.391Z] [create-default-europe-west1-onCandidatureCreated] Retrying task index 0
[debug] [2025-12-02T14:04:26.391Z] Checked if tokens are valid: true, expires at: 1764686266755
[debug] [2025-12-02T14:04:26.391Z] Checked if tokens are valid: true, expires at: 1764686266755
[debug] [2025-12-02T14:04:26.392Z] >>> [apiv2][query] GET https://cloudfunctions.googleapis.com/v1/operations/cHJvamVjdHMvaG9vcHNwaGVyZS1kZjMxNS9sb2NhdGlvbnMvZXVyb3BlLXdlc3QxL29wZXJhdGlvbnMvb3BlcmF0aW9uLTE3NjQ2ODQxMzU1MTMtNjQ0Zjg4YjA5YmUzOC03NGRlNzhkMS1hZjZkYjdjNQ [none]
[debug] [2025-12-02T14:04:26.521Z] <<< [apiv2][status] GET https://cloudfunctions.googleapis.com/v1/operations/cHJvamVjdHMvaG9vcHNwaGVyZS1kZjMxNS9sb2NhdGlvbnMvZXVyb3BlLXdlc3QxL29wZXJhdGlvbnMvb3BlcmF0aW9uLTE3NjQ2ODQxMzU1MTMtNjQ0Zjg4YjA5YmUzOC03NGRlNzhkMS1hZjZkYjdjNQ 200
[debug] [2025-12-02T14:04:26.522Z] <<< [apiv2][body] GET https://cloudfunctions.googleapis.com/v1/operations/cHJvamVjdHMvaG9vcHNwaGVyZS1kZjMxNS9sb2NhdGlvbnMvZXVyb3BlLXdlc3QxL29wZXJhdGlvbnMvb3BlcmF0aW9uLTE3NjQ2ODQxMzU1MTMtNjQ0Zjg4YjA5YmUzOC03NGRlNzhkMS1hZjZkYjdjNQ {"name":"operations/cHJvamVjdHMvaG9vcHNwaGVyZS1kZjMxNS9sb2NhdGlvbnMvZXVyb3BlLXdlc3QxL29wZXJhdGlvbnMvb3BlcmF0aW9uLTE3NjQ2ODQxMzU1MTMtNjQ0Zjg4YjA5YmUzOC03NGRlNzhkMS1hZjZkYjdjNQ","metadata":{"@type":"type.googleapis.com/google.cloud.functions.v1.OperationMetadataV1","target":"projects/hoopsphere-df315/locations/europe-west1/functions/onCandidatureCreated","type":"CREATE_FUNCTION","request":{"@type":"type.googleapis.com/google.cloud.functions.v1.CloudFunction","name":"projects/hoopsphere-df315/locations/europe-west1/functions/onCandidatureCreated","eventTrigger":{"eventType":"providers/cloud.firestore/eventTypes/document.create","resource":"projects/hoopsphere-df315/databases/(default)/documents/clubs/{clubUid}/offres/{offerId}/candidatures/{candId}","failurePolicy":{}},"entryPoint":"onCandidatureCreated","updateTime":"1970-01-01T00:00:00Z","labels":{"deployment-tool":"cli-firebase","firebase-functions-hash":"49bc06c31921a88f5875ffa74a70b9caba01ca1c"},"sourceUploadUrl":"https://storage.googleapis.com/uploads-937457936705.europe-west1.cloudfunctions.appspot.com/10cc16ed-821a-4bc5-88e1-446ea2296262.zip?GoogleAccessId=service-573890431126@gcf-admin-robot.iam.gserviceaccount.com&Expires=1764685933&Signature=FiqH3Ez4g9h4f77KlPnBvBOcC6dEseFfG%2Farbmc3prEybi291pL%2Buwq2RgEoUWggfxX9vHPOD%2FNoaA4RWFf1omYilBBHP8WuyFuinpvMQiCKrxNVKEEve%2FXPErxYQh9Kz6PrDlzvmR6H%2Fl4M8Ma8wINJhSZyPCPeuSD5eu1PTSP64tBXfcw%2FqDHSPq12Pc3LVMP9uvs3xDNugicjhb0pBBFGJI4tnNAR6FjCGsHO%2BD4Yb3hK8OnyepmgGxA8NLs7TQCaA9yE7ZJBgj3TpLzxn%2BZU6RLzPwycNqtOpyAcRlyUccgzBJob%2Bv74YjTzRXw7ZPM1LXJ3KCtWz8hJPoAhCg%3D%3D","environmentVariables":{"FIREBASE_CONFIG":"{\"projectId\":\"hoopsphere-df315\",\"storageBucket\":\"hoopsphere-df315.firebasestorage.app\"}","GCLOUD_PROJECT":"hoopsphere-df315","EVENTARC_CLOUD_EVENT_SOURCE":"projects/hoopsphere-df315/locations/europe-west1/functions/onCandidatureCreated"},"runtime":"nodejs20","buildEnvironmentVariables":{"GOOGLE_NODE_RUN_SCRIPTS":""},"dockerRegistry":"ARTIFACT_REGISTRY"},"versionId":"1","updateTime":"2025-12-02T14:04:22.690807538Z","buildId":"0c51c396-0564-4d2c-98db-847a8fa541a1","sourceToken":"fc218bc5-39d0-4461-871a-c7a2146c5458","buildName":"projects/573890431126/locations/europe-west1/builds/0c51c396-0564-4d2c-98db-847a8fa541a1"},"done":true,"response":{"@type":"type.googleapis.com/google.cloud.functions.v1.CloudFunction","name":"projects/hoopsphere-df315/locations/europe-west1/functions/onCandidatureCreated","eventTrigger":{"eventType":"providers/cloud.firestore/eventTypes/document.create","resource":"projects/hoopsphere-df315/databases/(default)/documents/clubs/{clubUid}/offres/{offerId}/candidatures/{candId}","service":"firestore.googleapis.com","failurePolicy":{}},"status":"ACTIVE","entryPoint":"onCandidatureCreated","timeout":"60s","availableMemoryMb":256,"serviceAccountEmail":"hoopsphere-df315@appspot.gserviceaccount.com","updateTime":"2025-12-02T14:02:17.977674621Z","versionId":"1","labels":{"deployment-tool":"cli-firebase","firebase-functions-hash":"49bc06c31921a88f5875ffa74a70b9caba01ca1c"},"sourceUploadUrl":"https://storage.googleapis.com/uploads-937457936705.europe-west1.cloudfunctions.appspot.com/10cc16ed-821a-4bc5-88e1-446ea2296262.zip","environmentVariables":{"FIREBASE_CONFIG":"{\"projectId\":\"hoopsphere-df315\",\"storageBucket\":\"hoopsphere-df315.firebasestorage.app\"}","GCLOUD_PROJECT":"hoopsphere-df315","EVENTARC_CLOUD_EVENT_SOURCE":"projects/hoopsphere-df315/locations/europe-west1/functions/onCandidatureCreated"},"runtime":"nodejs20","maxInstances":3000,"ingressSettings":"ALLOW_ALL","buildId":"0c51c396-0564-4d2c-98db-847a8fa541a1","buildEnvironmentVariables":{"GOOGLE_NODE_RUN_SCRIPTS":""},"buildName":"projects/573890431126/locations/europe-west1/builds/0c51c396-0564-4d2c-98db-847a8fa541a1","dockerRegistry":"ARTIFACT_REGISTRY","automaticUpdatePolicy":{},"buildServiceAccount":"projects/hoopsphere-df315/serviceAccounts/573890431126-compute@developer.gserviceaccount.com","satisfiesPzi":true}}
[debug] [2025-12-02T14:04:26.522Z] Got source token fc218bc5-39d0-4461-871a-c7a2146c5458 for region europe-west1
[info] ✔  functions[onCandidatureCreated(europe-west1)] Successful create operation. 
[debug] [2025-12-02T14:04:26.524Z] Total Function Deployment time: 131077
[debug] [2025-12-02T14:04:26.524Z] 1 Functions Deployed
[debug] [2025-12-02T14:04:26.524Z] 0 Functions Errored
[debug] [2025-12-02T14:04:26.524Z] 0 Function Deployments Aborted
[debug] [2025-12-02T14:04:26.524Z] Average Function Deployment time: 131076
[debug] [2025-12-02T14:04:26.526Z] Checked if tokens are valid: true, expires at: 1764686266755
[debug] [2025-12-02T14:04:26.526Z] Checked if tokens are valid: true, expires at: 1764686266755
[debug] [2025-12-02T14:04:26.526Z] >>> [apiv2][query] GET https://artifactregistry.googleapis.com/v1/projects/hoopsphere-df315/locations/europe-west1/repositories/gcf-artifacts [none]
[debug] [2025-12-02T14:04:26.829Z] <<< [apiv2][status] GET https://artifactregistry.googleapis.com/v1/projects/hoopsphere-df315/locations/europe-west1/repositories/gcf-artifacts 200
[debug] [2025-12-02T14:04:26.829Z] <<< [apiv2][body] GET https://artifactregistry.googleapis.com/v1/projects/hoopsphere-df315/locations/europe-west1/repositories/gcf-artifacts {"name":"projects/hoopsphere-df315/locations/europe-west1/repositories/gcf-artifacts","format":"DOCKER","description":"This repository is created and used by Cloud Functions for storing function docker images.","labels":{"goog-managed-by":"cloudfunctions"},"createTime":"2025-12-02T14:02:30.219299Z","updateTime":"2025-12-02T14:03:27.893549Z","mode":"STANDARD_REPOSITORY","sizeBytes":"496200762","vulnerabilityScanningConfig":{"lastEnableTime":"2025-12-02T14:02:20.261054244Z","enablementState":"SCANNING_DISABLED","enablementStateReason":"API containerscanning.googleapis.com is not enabled."},"satisfiesPzi":true,"registryUri":"europe-west1-docker.pkg.dev/hoopsphere-df315/gcf-artifacts"}
[warn] ⚠  functions: No cleanup policy detected for repositories in europe-west1. This may result in a small monthly bill as container images accumulate over time. 
[debug] [2025-12-02T14:12:29.579Z] ExitPromptError: User force closed the prompt with SIGINT
    at Interface.sigint (/home/mahylan/.nvm/versions/node/v21.7.3/lib/node_modules/firebase-tools/node_modules/@inquirer/core/dist/commonjs/lib/create-prompt.js:101:37)
    at Interface.emit (node:events:519:28)
    at Interface.emit (node:domain:488:12)
    at [_ttyWrite] [as _ttyWrite] (node:internal/readline/interface:1125:18)
    at ReadStream.onkeypress (node:internal/readline/interface:264:20)
    at ReadStream.emit (node:events:531:35)
    at ReadStream.emit (node:domain:488:12)
    at emitKeys (node:internal/readline/utils:371:14)
    at emitKeys.next (<anonymous>)
    at ReadStream.onData (node:internal/readline/emitKeypressEvents:64:36)
[error] 
[error] Error: An unexpected error has occurred.
