[debug] [2026-01-14T11:11:16.696Z] ----------------------------------------------------------------------
[debug] [2026-01-14T11:11:16.698Z] Command:       C:\nvm4w\nodejs\node.exe C:\nvm4w\nodejs\node_modules\firebase-tools\lib\bin\firebase.js functions:config:set stripe.secret=sk_test_XXXX
[debug] [2026-01-14T11:11:16.698Z] CLI Version:   13.35.1
[debug] [2026-01-14T11:11:16.698Z] Platform:      win32
[debug] [2026-01-14T11:11:16.698Z] Node Version:  v18.20.8
[debug] [2026-01-14T11:11:16.700Z] Time:          Wed Jan 14 2026 12:11:16 GMT+0100 (heure normale d’Europe centrale)
[debug] [2026-01-14T11:11:16.700Z] ----------------------------------------------------------------------
[debug] 
[debug] [2026-01-14T11:11:16.861Z] > command requires scopes: ["email","openid","https://www.googleapis.com/auth/cloudplatformprojects.readonly","https://www.googleapis.com/auth/firebase","https://www.googleapis.com/auth/cloud-platform"]
[debug] [2026-01-14T11:11:16.861Z] > authorizing via signed-in user (r.marcelli31@gmail.com)
[debug] [2026-01-14T11:11:16.861Z] [iam] checking project hoopsphere-df315 for permissions ["firebase.projects.get","runtimeconfig.configs.create","runtimeconfig.configs.delete","runtimeconfig.configs.get","runtimeconfig.configs.list","runtimeconfig.configs.update","runtimeconfig.variables.create","runtimeconfig.variables.delete","runtimeconfig.variables.get","runtimeconfig.variables.list","runtimeconfig.variables.update"]
[debug] [2026-01-14T11:11:16.863Z] Checked if tokens are valid: true, expires at: 1768391242888
[debug] [2026-01-14T11:11:16.863Z] Checked if tokens are valid: true, expires at: 1768391242888
[debug] [2026-01-14T11:11:16.864Z] >>> [apiv2][query] POST https://cloudresourcemanager.googleapis.com/v1/projects/hoopsphere-df315:testIamPermissions [none]
[debug] [2026-01-14T11:11:16.864Z] >>> [apiv2][(partial)header] POST https://cloudresourcemanager.googleapis.com/v1/projects/hoopsphere-df315:testIamPermissions x-goog-quota-user=projects/hoopsphere-df315
[debug] [2026-01-14T11:11:16.864Z] >>> [apiv2][body] POST https://cloudresourcemanager.googleapis.com/v1/projects/hoopsphere-df315:testIamPermissions {"permissions":["firebase.projects.get","runtimeconfig.configs.create","runtimeconfig.configs.delete","runtimeconfig.configs.get","runtimeconfig.configs.list","runtimeconfig.configs.update","runtimeconfig.variables.create","runtimeconfig.variables.delete","runtimeconfig.variables.get","runtimeconfig.variables.list","runtimeconfig.variables.update"]}
[debug] [2026-01-14T11:11:17.633Z] <<< [apiv2][status] POST https://cloudresourcemanager.googleapis.com/v1/projects/hoopsphere-df315:testIamPermissions 200
[debug] [2026-01-14T11:11:17.634Z] <<< [apiv2][body] POST https://cloudresourcemanager.googleapis.com/v1/projects/hoopsphere-df315:testIamPermissions {"permissions":["firebase.projects.get","runtimeconfig.configs.create","runtimeconfig.configs.delete","runtimeconfig.configs.get","runtimeconfig.configs.list","runtimeconfig.configs.update","runtimeconfig.variables.create","runtimeconfig.variables.delete","runtimeconfig.variables.get","runtimeconfig.variables.list","runtimeconfig.variables.update"]}
[debug] [2026-01-14T11:11:17.635Z] Checked if tokens are valid: true, expires at: 1768391242888
[debug] [2026-01-14T11:11:17.636Z] Checked if tokens are valid: true, expires at: 1768391242888
[debug] [2026-01-14T11:11:17.636Z] >>> [apiv2][query] GET https://serviceusage.googleapis.com/v1/projects/hoopsphere-df315/services/runtimeconfig.googleapis.com [none]
[debug] [2026-01-14T11:11:17.636Z] >>> [apiv2][(partial)header] GET https://serviceusage.googleapis.com/v1/projects/hoopsphere-df315/services/runtimeconfig.googleapis.com x-goog-quota-user=projects/hoopsphere-df315
[debug] [2026-01-14T11:11:18.543Z] <<< [apiv2][status] GET https://serviceusage.googleapis.com/v1/projects/hoopsphere-df315/services/runtimeconfig.googleapis.com 200
[debug] [2026-01-14T11:11:18.543Z] <<< [apiv2][body] GET https://serviceusage.googleapis.com/v1/projects/hoopsphere-df315/services/runtimeconfig.googleapis.com [omitted]
[debug] [2026-01-14T11:11:18.545Z] Checked if tokens are valid: true, expires at: 1768391242888
[debug] [2026-01-14T11:11:18.546Z] Checked if tokens are valid: true, expires at: 1768391242888
[debug] [2026-01-14T11:11:18.547Z] >>> [apiv2][query] GET https://runtimeconfig.googleapis.com/v1beta1/projects/hoopsphere-df315/configs/stripe/variables/secret [none]
[debug] [2026-01-14T11:11:19.161Z] <<< [apiv2][status] GET https://runtimeconfig.googleapis.com/v1beta1/projects/hoopsphere-df315/configs/stripe/variables/secret 404
[debug] [2026-01-14T11:11:19.161Z] <<< [apiv2][body] GET https://runtimeconfig.googleapis.com/v1beta1/projects/hoopsphere-df315/configs/stripe/variables/secret {"error":{"code":404,"message":"Requested entity was not found.","status":"NOT_FOUND"}}
[debug] [2026-01-14T11:11:19.162Z] Checked if tokens are valid: true, expires at: 1768391242888
[debug] [2026-01-14T11:11:19.162Z] Checked if tokens are valid: true, expires at: 1768391242888
[debug] [2026-01-14T11:11:19.162Z] >>> [apiv2][query] POST https://runtimeconfig.googleapis.com/v1beta1/projects/hoopsphere-df315/configs/stripe/variables [none]
[debug] [2026-01-14T11:11:19.162Z] >>> [apiv2][body] POST https://runtimeconfig.googleapis.com/v1beta1/projects/hoopsphere-df315/configs/stripe/variables {"name":"/projects/hoopsphere-df315/configs/stripe/variables/secret","text":"sk_test_XXXX"}
